Using pre-set license
Built from '2021.3/staging' branch; Version is '2021.3.11f1 (0a5ca18544bf) revision 679073'; Using compiler version '192829333'; Build Type 'Release'
OS: 'Windows 10  (10.0.19045) 64bit CoreSingleLanguage' Language: 'en' Physical Memory: 16106 MB
BatchMode: 1, IsHumanControllingUs: 0, StartBugReporterOnCrash: 0, Is64bit: 1, IsPro: 1

COMMAND LINE ARGUMENTS:
E:\Complier\Unity\2021.3.11f1\Editor\Unity.exe
-adb2
-batchMode
-noUpm
-name
AssetImportWorker0
-projectPath
E:/Dat/ComputerGraphicsProject
-logFile
Logs/AssetImportWorker0.log
-srvPort
52888
Successfully changed project path to: E:/Dat/ComputerGraphicsProject
E:/Dat/ComputerGraphicsProject
[UnityMemory] Configuration Parameters - Can be set up in boot.config
    "memorysetup-bucket-allocator-granularity=16"
    "memorysetup-bucket-allocator-bucket-count=8"
    "memorysetup-bucket-allocator-block-size=33554432"
    "memorysetup-bucket-allocator-block-count=8"
    "memorysetup-main-allocator-block-size=16777216"
    "memorysetup-thread-allocator-block-size=16777216"
    "memorysetup-gfx-main-allocator-block-size=16777216"
    "memorysetup-gfx-thread-allocator-block-size=16777216"
    "memorysetup-cache-allocator-block-size=4194304"
    "memorysetup-typetree-allocator-block-size=2097152"
    "memorysetup-profiler-bucket-allocator-granularity=16"
    "memorysetup-profiler-bucket-allocator-bucket-count=8"
    "memorysetup-profiler-bucket-allocator-block-size=33554432"
    "memorysetup-profiler-bucket-allocator-block-count=8"
    "memorysetup-profiler-allocator-block-size=16777216"
    "memorysetup-profiler-editor-allocator-block-size=1048576"
    "memorysetup-temp-allocator-size-main=16777216"
    "memorysetup-job-temp-allocator-block-size=2097152"
    "memorysetup-job-temp-allocator-block-size-background=1048576"
    "memorysetup-job-temp-allocator-reduction-small-platforms=262144"
    "memorysetup-temp-allocator-size-background-worker=32768"
    "memorysetup-temp-allocator-size-job-worker=262144"
    "memorysetup-temp-allocator-size-preload-manager=33554432"
    "memorysetup-temp-allocator-size-nav-mesh-worker=65536"
    "memorysetup-temp-allocator-size-audio-worker=65536"
    "memorysetup-temp-allocator-size-cloud-worker=32768"
    "memorysetup-temp-allocator-size-gi-baking-worker=262144"
    "memorysetup-temp-allocator-size-gfx=262144"
Refreshing native plugins compatible for Editor in 40.49 ms, found 2 plugins.
Preloading 0 native plugins for Editor in 0.00 ms.
Initialize engine version: 2021.3.11f1 (0a5ca18544bf)
[Subsystems] Discovering subsystems at path E:/Complier/Unity/2021.3.11f1/Editor/Data/Resources/UnitySubsystems
[Subsystems] Discovering subsystems at path E:/Dat/ComputerGraphicsProject/Assets
GfxDevice: creating device client; threaded=0; jobified=0
Direct3D:
    Version:  Direct3D 11.0 [level 11.1]
    Renderer: Intel(R) Iris(R) Xe Graphics (ID=0x9a49)
    Vendor:   Intel
    VRAM:     8053 MB
    Driver:   30.0.101.1692
Initialize mono
Mono path[0] = 'E:/Complier/Unity/2021.3.11f1/Editor/Data/Managed'
Mono path[1] = 'E:/Complier/Unity/2021.3.11f1/Editor/Data/MonoBleedingEdge/lib/mono/unityjit-win32'
Mono config path = 'E:/Complier/Unity/2021.3.11f1/Editor/Data/MonoBleedingEdge/etc'
Using monoOptions --debugger-agent=transport=dt_socket,embedding=1,server=y,suspend=n,address=127.0.0.1:56636
Begin MonoManager ReloadAssembly
Registering precompiled unity dll's ...
Register platform support module: E:/Complier/Unity/2021.3.11f1/Editor/Data/PlaybackEngines/WebGLSupport/UnityEditor.WebGL.Extensions.dll
Register platform support module: E:/Complier/Unity/2021.3.11f1/Editor/Data/PlaybackEngines/WindowsStandaloneSupport/UnityEditor.WindowsStandalone.Extensions.dll
Registered in 0.007195 seconds.
Native extension for WindowsStandalone target not found
Native extension for WebGL target not found
Refreshing native plugins compatible for Editor in 61.06 ms, found 2 plugins.
Preloading 0 native plugins for Editor in 0.00 ms.
Mono: successfully reloaded assembly
- Completed reload, in  0.786 seconds
Domain Reload Profiling:
	ReloadAssembly (787ms)
		BeginReloadAssembly (107ms)
			ExecutionOrderSort (0ms)
			DisableScriptedObjects (0ms)
			BackupInstance (0ms)
			ReleaseScriptingObjects (0ms)
			CreateAndSetChildDomain (1ms)
		EndReloadAssembly (524ms)
			LoadAssemblies (106ms)
			RebuildTransferFunctionScriptingTraits (0ms)
			SetupTypeCache (145ms)
			ReleaseScriptCaches (0ms)
			RebuildScriptCaches (32ms)
			SetupLoadedEditorAssemblies (286ms)
				LogAssemblyErrors (0ms)
				InitializePlatformSupportModulesInManaged (12ms)
				SetLoadedEditorAssemblies (0ms)
				RefreshPlugins (61ms)
				BeforeProcessingInitializeOnLoad (2ms)
				ProcessInitializeOnLoadAttributes (158ms)
				ProcessInitializeOnLoadMethodAttributes (52ms)
				AfterProcessingInitializeOnLoad (0ms)
				EditorAssembliesLoaded (0ms)
			ExecutionOrderSort2 (0ms)
			AwakeInstancesAfterBackupRestoration (0ms)
Platform modules already initialized, skipping
Registering precompiled user dll's ...
Registered in 0.004798 seconds.
Begin MonoManager ReloadAssembly
Native extension for WindowsStandalone target not found
Native extension for WebGL target not found
Refreshing native plugins compatible for Editor in 0.44 ms, found 2 plugins.
Preloading 0 native plugins for Editor in 0.00 ms.
Mono: successfully reloaded assembly
- Completed reload, in  0.984 seconds
Domain Reload Profiling:
	ReloadAssembly (985ms)
		BeginReloadAssembly (137ms)
			ExecutionOrderSort (0ms)
			DisableScriptedObjects (8ms)
			BackupInstance (0ms)
			ReleaseScriptingObjects (0ms)
			CreateAndSetChildDomain (24ms)
		EndReloadAssembly (711ms)
			LoadAssemblies (83ms)
			RebuildTransferFunctionScriptingTraits (0ms)
			SetupTypeCache (196ms)
			ReleaseScriptCaches (0ms)
			RebuildScriptCaches (49ms)
			SetupLoadedEditorAssemblies (351ms)
				LogAssemblyErrors (0ms)
				InitializePlatformSupportModulesInManaged (7ms)
				SetLoadedEditorAssemblies (1ms)
				RefreshPlugins (1ms)
				BeforeProcessingInitializeOnLoad (71ms)
				ProcessInitializeOnLoadAttributes (224ms)
				ProcessInitializeOnLoadMethodAttributes (46ms)
				AfterProcessingInitializeOnLoad (3ms)
				EditorAssembliesLoaded (0ms)
			ExecutionOrderSort2 (0ms)
			AwakeInstancesAfterBackupRestoration (8ms)
Platform modules already initialized, skipping
========================================================================
Worker process is ready to serve import requests
Launched and connected shader compiler UnityShaderCompiler.exe after 0.09 seconds
Refreshing native plugins compatible for Editor in 1.29 ms, found 2 plugins.
Preloading 0 native plugins for Editor in 0.00 ms.
Unloading 1761 Unused Serialized files (Serialized files now loaded: 0)
Unloading 23 unused Assets / (56.3 KB). Loaded Objects now: 2232.
Memory consumption went from 75.1 MB to 75.0 MB.
Total: 5.723200 ms (FindLiveObjects: 0.206600 ms CreateObjectMapping: 0.084600 ms MarkObjects: 5.212800 ms  DeleteObjects: 0.217500 ms)

AssetImportParameters requested are different than current active one (requested -> active):
  custom:video-decoder-ogg-theora: a1e56fd34408186e4bbccfd4996cb3dc -> 
  custom:container-muxer-webm: aa71ff27fc2769a1b78a27578f13a17b -> 
  custom:container-demuxer-webm: 4f35f7cbe854078d1ac9338744f61a02 -> 
  custom:video-encoder-webm-vp8: eb34c28f22e8b96e1ab97ce403110664 -> 
  custom:video-codec-MediaFoundation-h265: 746d11721c4dcdbdad8f713fa42b33f4 -> 
  custom:audio-encoder-webm-vorbis: bf7c407c2cedff20999df2af8eb42d56 -> 
  custom:framework-win-MediaFoundation: 216162199b28c13a410421893ffa2e32 -> 
  custom:container-demuxer-ogg: 62fdf1f143b41e24485cea50d1cbac27 -> 
  custom:video-decoder-webm-vp8: 9c59270c3fd7afecdb556c50c9e8de78 -> 
  custom:audio-decoder-ogg-vorbis: bf7c407c2cedff20999df2af8eb42d56 -> 
========================================================================
Received Import Request.
  Time since last request: 765.587284 seconds.
  path: Assets/Map Render Texture.renderTexture
  artifactKey: Guid(99319ee4dcb34e440b833c0bef07988b) Importer(815301076,1909f56bfc062723c751e8b465ee728b)
Start importing Assets/Map Render Texture.renderTexture using Guid(99319ee4dcb34e440b833c0bef07988b) Importer(815301076,1909f56bfc062723c751e8b465ee728b)  -> (artifact id: 'ccb30311bb8201631428fd9030ec71d4') in 0.122512 seconds 
========================================================================
Received Prepare
Registering precompiled user dll's ...
Registered in 0.002696 seconds.
Begin MonoManager ReloadAssembly
Native extension for WindowsStandalone target not found
Native extension for WebGL target not found
Refreshing native plugins compatible for Editor in 0.60 ms, found 2 plugins.
Preloading 0 native plugins for Editor in 0.00 ms.
Mono: successfully reloaded assembly
- Completed reload, in  1.218 seconds
Domain Reload Profiling:
	ReloadAssembly (1218ms)
		BeginReloadAssembly (156ms)
			ExecutionOrderSort (0ms)
			DisableScriptedObjects (8ms)
			BackupInstance (0ms)
			ReleaseScriptingObjects (0ms)
			CreateAndSetChildDomain (37ms)
		EndReloadAssembly (950ms)
			LoadAssemblies (77ms)
			RebuildTransferFunctionScriptingTraits (0ms)
			SetupTypeCache (268ms)
			ReleaseScriptCaches (2ms)
			RebuildScriptCaches (96ms)
			SetupLoadedEditorAssemblies (399ms)
				LogAssemblyErrors (0ms)
				InitializePlatformSupportModulesInManaged (41ms)
				SetLoadedEditorAssemblies (0ms)
				RefreshPlugins (1ms)
				BeforeProcessingInitializeOnLoad (67ms)
				ProcessInitializeOnLoadAttributes (241ms)
				ProcessInitializeOnLoadMethodAttributes (44ms)
				AfterProcessingInitializeOnLoad (3ms)
				EditorAssembliesLoaded (0ms)
			ExecutionOrderSort2 (0ms)
			AwakeInstancesAfterBackupRestoration (9ms)
Platform modules already initialized, skipping
Refreshing native plugins compatible for Editor in 4.44 ms, found 2 plugins.
Preloading 0 native plugins for Editor in 0.00 ms.
Unloading 1756 Unused Serialized files (Serialized files now loaded: 0)
Unloading 12 unused Assets / (31.7 KB). Loaded Objects now: 2241.
Memory consumption went from 78.9 MB to 78.9 MB.
Total: 5.730600 ms (FindLiveObjects: 0.246600 ms CreateObjectMapping: 0.118300 ms MarkObjects: 5.326700 ms  DeleteObjects: 0.037400 ms)

AssetImportParameters requested are different than current active one (requested -> active):
  custom:video-decoder-ogg-theora: a1e56fd34408186e4bbccfd4996cb3dc -> 
  custom:container-muxer-webm: aa71ff27fc2769a1b78a27578f13a17b -> 
  custom:container-demuxer-webm: 4f35f7cbe854078d1ac9338744f61a02 -> 
  custom:video-encoder-webm-vp8: eb34c28f22e8b96e1ab97ce403110664 -> 
  custom:video-codec-MediaFoundation-h265: 746d11721c4dcdbdad8f713fa42b33f4 -> 
  custom:audio-encoder-webm-vorbis: bf7c407c2cedff20999df2af8eb42d56 -> 
  custom:framework-win-MediaFoundation: 216162199b28c13a410421893ffa2e32 -> 
  custom:container-demuxer-ogg: 62fdf1f143b41e24485cea50d1cbac27 -> 
  custom:video-decoder-webm-vp8: 9c59270c3fd7afecdb556c50c9e8de78 -> 
  custom:audio-decoder-ogg-vorbis: bf7c407c2cedff20999df2af8eb42d56 -> 
========================================================================
Received Import Request.
  Time since last request: 804.323919 seconds.
  path: Assets/Scenes
  artifactKey: Guid(3d0f17b9427f0c9458cd4113831e6e7e) Importer(815301076,1909f56bfc062723c751e8b465ee728b)
Start importing Assets/Scenes using Guid(3d0f17b9427f0c9458cd4113831e6e7e) Importer(815301076,1909f56bfc062723c751e8b465ee728b)  -> (artifact id: '9f84d5f8b292471985ac94b9511e09f8') in 0.010857 seconds 
========================================================================
Received Import Request.
  Time since last request: 3.782346 seconds.
  path: Assets/_Udemy Roguelike/Art/Objects/Breakable.png
  artifactKey: Guid(b1e514ee9c00f0c458e99f588dfa4cb0) Importer(815301076,1909f56bfc062723c751e8b465ee728b)
Start importing Assets/_Udemy Roguelike/Art/Objects/Breakable.png using Guid(b1e514ee9c00f0c458e99f588dfa4cb0) Importer(815301076,1909f56bfc062723c751e8b465ee728b)  -> (artifact id: '1c30bb2cc143220aaa50e62e49c316b3') in 0.255910 seconds 
========================================================================
Received Import Request.
  Time since last request: 0.000044 seconds.
  path: Assets/_Udemy Roguelike/Art/Objects/Level_Exit.png
  artifactKey: Guid(0cb26d670529c8a41b66ffcde7ef7e43) Importer(815301076,1909f56bfc062723c751e8b465ee728b)
Start importing Assets/_Udemy Roguelike/Art/Objects/Level_Exit.png using Guid(0cb26d670529c8a41b66ffcde7ef7e43) Importer(815301076,1909f56bfc062723c751e8b465ee728b)  -> (artifact id: '5744a41782ba1b546157ba49523534f6') in 0.034492 seconds 
========================================================================
Received Import Request.
  Time since last request: 2.539097 seconds.
  path: Assets/_Udemy Roguelike/Audio/SFX/Box Breaking.wav
  artifactKey: Guid(41b6711345326694a8dec356f48fef0d) Importer(815301076,1909f56bfc062723c751e8b465ee728b)
Start importing Assets/_Udemy Roguelike/Audio/SFX/Box Breaking.wav using Guid(41b6711345326694a8dec356f48fef0d) Importer(815301076,1909f56bfc062723c751e8b465ee728b)  -> (artifact id: '20832681c4ba6b57f008d098eb7f0f84') in 0.121815 seconds 
========================================================================
Received Import Request.
  Time since last request: 0.000041 seconds.
  path: Assets/_Udemy Roguelike/Audio/SFX/Warp Out.wav
  artifactKey: Guid(63620f10efbc0e5429fce79111a3dbcb) Importer(815301076,1909f56bfc062723c751e8b465ee728b)
Start importing Assets/_Udemy Roguelike/Audio/SFX/Warp Out.wav using Guid(63620f10efbc0e5429fce79111a3dbcb) Importer(815301076,1909f56bfc062723c751e8b465ee728b)  -> (artifact id: '01a2aa5f5bf81c55ad60f44b3435f96a') in 0.029669 seconds 
========================================================================
Received Import Request.
  Time since last request: 0.000044 seconds.
  path: Assets/_Udemy Roguelike/Audio/SFX/Enemy Hurt.wav
  artifactKey: Guid(f7c555902caa38a45ae0792e61223b06) Importer(815301076,1909f56bfc062723c751e8b465ee728b)
Start importing Assets/_Udemy Roguelike/Audio/SFX/Enemy Hurt.wav using Guid(f7c555902caa38a45ae0792e61223b06) Importer(815301076,1909f56bfc062723c751e8b465ee728b)  -> (artifact id: 'c3c83ffc857d86c2427ffffb50faf871') in 0.038881 seconds 
========================================================================
Received Import Request.
  Time since last request: 0.000062 seconds.
  path: Assets/_Udemy Roguelike/Audio/SFX/Shoot1.wav
  artifactKey: Guid(a6d3a9a97d641674180517302d5d1d73) Importer(815301076,1909f56bfc062723c751e8b465ee728b)
Start importing Assets/_Udemy Roguelike/Audio/SFX/Shoot1.wav using Guid(a6d3a9a97d641674180517302d5d1d73) Importer(815301076,1909f56bfc062723c751e8b465ee728b)  -> (artifact id: 'cbdc246a62d69276588486e06b4d8838') in 0.027880 seconds 
========================================================================
Received Import Request.
  Time since last request: 0.000027 seconds.
  path: Assets/_Udemy Roguelike/Audio/SFX/Pickup Gun.wav
  artifactKey: Guid(0e0b9f7f4b22bc5489de2525a44d6c3c) Importer(815301076,1909f56bfc062723c751e8b465ee728b)
Start importing Assets/_Udemy Roguelike/Audio/SFX/Pickup Gun.wav using Guid(0e0b9f7f4b22bc5489de2525a44d6c3c) Importer(815301076,1909f56bfc062723c751e8b465ee728b)  -> (artifact id: '1f8a9885a708f9d69bc84a90de55a509') in 0.020334 seconds 
========================================================================
Received Import Request.
  Time since last request: 0.000039 seconds.
  path: Assets/_Udemy Roguelike/Audio/SFX/Player Death.wav
  artifactKey: Guid(3d2732bb9fb026340a6d7deb90b18af2) Importer(815301076,1909f56bfc062723c751e8b465ee728b)
Start importing Assets/_Udemy Roguelike/Audio/SFX/Player Death.wav using Guid(3d2732bb9fb026340a6d7deb90b18af2) Importer(815301076,1909f56bfc062723c751e8b465ee728b)  -> (artifact id: 'de3b1e09bd632e10c4f447f77a14da17') in 0.019891 seconds 
========================================================================
Received Import Request.
  Time since last request: 0.000028 seconds.
  path: Assets/_Udemy Roguelike/Audio/SFX/Explosion.wav
  artifactKey: Guid(9a86f0cfff75f9b40bd7936f13a38758) Importer(815301076,1909f56bfc062723c751e8b465ee728b)
Start importing Assets/_Udemy Roguelike/Audio/SFX/Explosion.wav using Guid(9a86f0cfff75f9b40bd7936f13a38758) Importer(815301076,1909f56bfc062723c751e8b465ee728b)  -> (artifact id: '4d2b215834059393ac496617bbf01673') in 0.021548 seconds 
========================================================================
Received Import Request.
  Time since last request: 0.000031 seconds.
  path: Assets/_Udemy Roguelike/Audio/SFX/player die.wav
  artifactKey: Guid(4434db9f00e67cb4aa61dfb33092e031) Importer(815301076,1909f56bfc062723c751e8b465ee728b)
Start importing Assets/_Udemy Roguelike/Audio/SFX/player die.wav using Guid(4434db9f00e67cb4aa61dfb33092e031) Importer(815301076,1909f56bfc062723c751e8b465ee728b)  -> (artifact id: '05d9d95a421116e4c28393a12fa6dd68') in 0.021619 seconds 
========================================================================
Received Import Request.
  Time since last request: 0.000038 seconds.
  path: Assets/_Udemy Roguelike/Audio/SFX/Shoot5.wav
  artifactKey: Guid(8801842e652589f43b2c75dcd7430235) Importer(815301076,1909f56bfc062723c751e8b465ee728b)
Start importing Assets/_Udemy Roguelike/Audio/SFX/Shoot5.wav using Guid(8801842e652589f43b2c75dcd7430235) Importer(815301076,1909f56bfc062723c751e8b465ee728b)  -> (artifact id: 'ffe2be2b2a63a5e29c7b4172b7bdb43d') in 0.024608 seconds 
========================================================================
Received Import Request.
  Time since last request: 0.000038 seconds.
  path: Assets/_Udemy Roguelike/Audio/SFX/Shoot2.wav
  artifactKey: Guid(f31a6a473e0a3ed4abe14dd4dbf4dbca) Importer(815301076,1909f56bfc062723c751e8b465ee728b)
Start importing Assets/_Udemy Roguelike/Audio/SFX/Shoot2.wav using Guid(f31a6a473e0a3ed4abe14dd4dbf4dbca) Importer(815301076,1909f56bfc062723c751e8b465ee728b)  -> (artifact id: 'fe4c0b0f8999a33dcf0c5fb358dcbbe2') in 0.019671 seconds 
========================================================================
Received Import Request.
  Time since last request: 0.000034 seconds.
  path: Assets/_Udemy Roguelike/Audio/SFX/Shoot4.wav
  artifactKey: Guid(862f83d31fde6394dbde68ee0ac9fea2) Importer(815301076,1909f56bfc062723c751e8b465ee728b)
Start importing Assets/_Udemy Roguelike/Audio/SFX/Shoot4.wav using Guid(862f83d31fde6394dbde68ee0ac9fea2) Importer(815301076,1909f56bfc062723c751e8b465ee728b)  -> (artifact id: '0bae144d4b6a9c6d5ef3df7ed941fa3e') in 0.022176 seconds 
========================================================================
Received Import Request.
  Time since last request: 2.754584 seconds.
  path: Assets/_Udemy Roguelike/Font/Pixelnauts.ttf
  artifactKey: Guid(3fd1bd137b8f53a4db22b3555a075485) Importer(815301076,1909f56bfc062723c751e8b465ee728b)
Start importing Assets/_Udemy Roguelike/Font/Pixelnauts.ttf using Guid(3fd1bd137b8f53a4db22b3555a075485) Importer(815301076,1909f56bfc062723c751e8b465ee728b)  -> (artifact id: '5c848bb3210f0380a2ac193e81bae7b3') in 0.094885 seconds 
========================================================================
Received Import Request.
  Time since last request: 1011.127896 seconds.
  path: Assets/Prefabs/Enemies
  artifactKey: Guid(215b6bde61ce9d04094059db10b16ddf) Importer(815301076,1909f56bfc062723c751e8b465ee728b)
Start importing Assets/Prefabs/Enemies using Guid(215b6bde61ce9d04094059db10b16ddf) Importer(815301076,1909f56bfc062723c751e8b465ee728b)  -> (artifact id: '10e8b47412bf54f504ee93f1dfab2413') in 0.004950 seconds 
========================================================================
Received Import Request.
  Time since last request: 0.054248 seconds.
  path: Assets/Prefabs/Enemies/Enemy - Blob.prefab
  artifactKey: Guid(1d8378cf2c0a78d4096c02823d28df54) Importer(815301076,1909f56bfc062723c751e8b465ee728b)
Start importing Assets/Prefabs/Enemies/Enemy - Blob.prefab using Guid(1d8378cf2c0a78d4096c02823d28df54) Importer(815301076,1909f56bfc062723c751e8b465ee728b)  -> (artifact id: '9d74ca665f5bdabc74cab1896129a054') in 0.051906 seconds 
========================================================================
Received Import Request.
  Time since last request: 0.000022 seconds.
  path: Assets/Prefabs/Enemies/Enemy - Fire.prefab
  artifactKey: Guid(8175343f831070f49936ef4911849dd2) Importer(815301076,1909f56bfc062723c751e8b465ee728b)
Start importing Assets/Prefabs/Enemies/Enemy - Fire.prefab using Guid(8175343f831070f49936ef4911849dd2) Importer(815301076,1909f56bfc062723c751e8b465ee728b)  -> (artifact id: 'e2c3fd8a8f9cd58d3a6f447e7a6e00f4') in 0.027397 seconds 
========================================================================
Received Import Request.
  Time since last request: 0.000046 seconds.
  path: Assets/Prefabs/Enemies/Enemy - Skeleton.prefab
  artifactKey: Guid(42e020adcb317194d8581c2d5b844fb4) Importer(815301076,1909f56bfc062723c751e8b465ee728b)
Start importing Assets/Prefabs/Enemies/Enemy - Skeleton.prefab using Guid(42e020adcb317194d8581c2d5b844fb4) Importer(815301076,1909f56bfc062723c751e8b465ee728b)  -> (artifact id: '42164e949fe1d86e94f305ccb78221d6') in 0.023099 seconds 
========================================================================
Received Import Request.
  Time since last request: 66.281087 seconds.
  path: Assets/Frames/elf_m_run_anim_f3.png
  artifactKey: Guid(65900b8edb814004dab83fd0835fc2df) Importer(815301076,1909f56bfc062723c751e8b465ee728b)
Start importing Assets/Frames/elf_m_run_anim_f3.png using Guid(65900b8edb814004dab83fd0835fc2df) Importer(815301076,1909f56bfc062723c751e8b465ee728b)  -> (artifact id: 'fed2befb36d74126a52d83c475a491ca') in 0.017767 seconds 
========================================================================
Received Import Request.
  Time since last request: 3.665199 seconds.
  path: Assets/Prefabs/Enemies/Enemy - Fire.prefab
  artifactKey: Guid(8175343f831070f49936ef4911849dd2) Importer(815301076,1909f56bfc062723c751e8b465ee728b)
Start importing Assets/Prefabs/Enemies/Enemy - Fire.prefab using Guid(8175343f831070f49936ef4911849dd2) Importer(815301076,1909f56bfc062723c751e8b465ee728b)  -> (artifact id: 'b4c8bd9f7b342556b17af8eb609892be') in 0.017471 seconds 
