Using pre-set license
Built from '2021.3/staging' branch; Version is '2021.3.11f1 (0a5ca18544bf) revision 679073'; Using compiler version '192829333'; Build Type 'Release'
OS: 'Windows 10  (10.0.19045) 64bit CoreSingleLanguage' Language: 'en' Physical Memory: 16106 MB
BatchMode: 1, IsHumanControllingUs: 0, StartBugReporterOnCrash: 0, Is64bit: 1, IsPro: 1

COMMAND LINE ARGUMENTS:
E:\Complier\Unity\2021.3.11f1\Editor\Unity.exe
-adb2
-batchMode
-noUpm
-name
AssetImportWorker1
-projectPath
E:/Dat/ComputerGraphicsProject
-logFile
Logs/AssetImportWorker1.log
-srvPort
52888
Successfully changed project path to: E:/Dat/ComputerGraphicsProject
E:/Dat/ComputerGraphicsProject
[UnityMemory] Configuration Parameters - Can be set up in boot.config
    "memorysetup-bucket-allocator-granularity=16"
    "memorysetup-bucket-allocator-bucket-count=8"
    "memorysetup-bucket-allocator-block-size=33554432"
    "memorysetup-bucket-allocator-block-count=8"
    "memorysetup-main-allocator-block-size=16777216"
    "memorysetup-thread-allocator-block-size=16777216"
    "memorysetup-gfx-main-allocator-block-size=16777216"
    "memorysetup-gfx-thread-allocator-block-size=16777216"
    "memorysetup-cache-allocator-block-size=4194304"
    "memorysetup-typetree-allocator-block-size=2097152"
    "memorysetup-profiler-bucket-allocator-granularity=16"
    "memorysetup-profiler-bucket-allocator-bucket-count=8"
    "memorysetup-profiler-bucket-allocator-block-size=33554432"
    "memorysetup-profiler-bucket-allocator-block-count=8"
    "memorysetup-profiler-allocator-block-size=16777216"
    "memorysetup-profiler-editor-allocator-block-size=1048576"
    "memorysetup-temp-allocator-size-main=16777216"
    "memorysetup-job-temp-allocator-block-size=2097152"
    "memorysetup-job-temp-allocator-block-size-background=1048576"
    "memorysetup-job-temp-allocator-reduction-small-platforms=262144"
    "memorysetup-temp-allocator-size-background-worker=32768"
    "memorysetup-temp-allocator-size-job-worker=262144"
    "memorysetup-temp-allocator-size-preload-manager=33554432"
    "memorysetup-temp-allocator-size-nav-mesh-worker=65536"
    "memorysetup-temp-allocator-size-audio-worker=65536"
    "memorysetup-temp-allocator-size-cloud-worker=32768"
    "memorysetup-temp-allocator-size-gi-baking-worker=262144"
    "memorysetup-temp-allocator-size-gfx=262144"
Refreshing native plugins compatible for Editor in 54.44 ms, found 2 plugins.
Preloading 0 native plugins for Editor in 0.00 ms.
Initialize engine version: 2021.3.11f1 (0a5ca18544bf)
[Subsystems] Discovering subsystems at path E:/Complier/Unity/2021.3.11f1/Editor/Data/Resources/UnitySubsystems
[Subsystems] Discovering subsystems at path E:/Dat/ComputerGraphicsProject/Assets
GfxDevice: creating device client; threaded=0; jobified=0
Direct3D:
    Version:  Direct3D 11.0 [level 11.1]
    Renderer: Intel(R) Iris(R) Xe Graphics (ID=0x9a49)
    Vendor:   Intel
    VRAM:     8053 MB
    Driver:   30.0.101.1692
Initialize mono
Mono path[0] = 'E:/Complier/Unity/2021.3.11f1/Editor/Data/Managed'
Mono path[1] = 'E:/Complier/Unity/2021.3.11f1/Editor/Data/MonoBleedingEdge/lib/mono/unityjit-win32'
Mono config path = 'E:/Complier/Unity/2021.3.11f1/Editor/Data/MonoBleedingEdge/etc'
Using monoOptions --debugger-agent=transport=dt_socket,embedding=1,server=y,suspend=n,address=127.0.0.1:56784
Begin MonoManager ReloadAssembly
Registering precompiled unity dll's ...
Register platform support module: E:/Complier/Unity/2021.3.11f1/Editor/Data/PlaybackEngines/WebGLSupport/UnityEditor.WebGL.Extensions.dll
Register platform support module: E:/Complier/Unity/2021.3.11f1/Editor/Data/PlaybackEngines/WindowsStandaloneSupport/UnityEditor.WindowsStandalone.Extensions.dll
Registered in 0.004791 seconds.
Native extension for WindowsStandalone target not found
Native extension for WebGL target not found
Refreshing native plugins compatible for Editor in 74.88 ms, found 2 plugins.
Preloading 0 native plugins for Editor in 0.00 ms.
Mono: successfully reloaded assembly
- Completed reload, in  0.873 seconds
Domain Reload Profiling:
	ReloadAssembly (874ms)
		BeginReloadAssembly (85ms)
			ExecutionOrderSort (0ms)
			DisableScriptedObjects (0ms)
			BackupInstance (0ms)
			ReleaseScriptingObjects (0ms)
			CreateAndSetChildDomain (1ms)
		EndReloadAssembly (618ms)
			LoadAssemblies (86ms)
			RebuildTransferFunctionScriptingTraits (0ms)
			SetupTypeCache (125ms)
			ReleaseScriptCaches (0ms)
			RebuildScriptCaches (44ms)
			SetupLoadedEditorAssemblies (385ms)
				LogAssemblyErrors (0ms)
				InitializePlatformSupportModulesInManaged (13ms)
				SetLoadedEditorAssemblies (0ms)
				RefreshPlugins (75ms)
				BeforeProcessingInitializeOnLoad (2ms)
				ProcessInitializeOnLoadAttributes (226ms)
				ProcessInitializeOnLoadMethodAttributes (68ms)
				AfterProcessingInitializeOnLoad (0ms)
				EditorAssembliesLoaded (0ms)
			ExecutionOrderSort2 (0ms)
			AwakeInstancesAfterBackupRestoration (0ms)
Platform modules already initialized, skipping
Registering precompiled user dll's ...
Registered in 0.003868 seconds.
Begin MonoManager ReloadAssembly
Native extension for WindowsStandalone target not found
Native extension for WebGL target not found
Refreshing native plugins compatible for Editor in 0.40 ms, found 2 plugins.
Preloading 0 native plugins for Editor in 0.00 ms.
Mono: successfully reloaded assembly
- Completed reload, in  1.022 seconds
Domain Reload Profiling:
	ReloadAssembly (1023ms)
		BeginReloadAssembly (108ms)
			ExecutionOrderSort (0ms)
			DisableScriptedObjects (6ms)
			BackupInstance (0ms)
			ReleaseScriptingObjects (0ms)
			CreateAndSetChildDomain (19ms)
		EndReloadAssembly (801ms)
			LoadAssemblies (64ms)
			RebuildTransferFunctionScriptingTraits (0ms)
			SetupTypeCache (220ms)
			ReleaseScriptCaches (1ms)
			RebuildScriptCaches (52ms)
			SetupLoadedEditorAssemblies (381ms)
				LogAssemblyErrors (0ms)
				InitializePlatformSupportModulesInManaged (5ms)
				SetLoadedEditorAssemblies (1ms)
				RefreshPlugins (0ms)
				BeforeProcessingInitializeOnLoad (56ms)
				ProcessInitializeOnLoadAttributes (228ms)
				ProcessInitializeOnLoadMethodAttributes (84ms)
				AfterProcessingInitializeOnLoad (7ms)
				EditorAssembliesLoaded (1ms)
			ExecutionOrderSort2 (0ms)
			AwakeInstancesAfterBackupRestoration (22ms)
Platform modules already initialized, skipping
========================================================================
Worker process is ready to serve import requests
Launched and connected shader compiler UnityShaderCompiler.exe after 0.08 seconds
Refreshing native plugins compatible for Editor in 1.50 ms, found 2 plugins.
Preloading 0 native plugins for Editor in 0.00 ms.
Unloading 1761 Unused Serialized files (Serialized files now loaded: 0)
Unloading 23 unused Assets / (56.3 KB). Loaded Objects now: 2232.
Memory consumption went from 75.1 MB to 75.0 MB.
Total: 4.747200 ms (FindLiveObjects: 0.341200 ms CreateObjectMapping: 0.119700 ms MarkObjects: 4.100000 ms  DeleteObjects: 0.184600 ms)

AssetImportParameters requested are different than current active one (requested -> active):
  custom:video-decoder-ogg-theora: a1e56fd34408186e4bbccfd4996cb3dc -> 
  custom:container-muxer-webm: aa71ff27fc2769a1b78a27578f13a17b -> 
  custom:container-demuxer-webm: 4f35f7cbe854078d1ac9338744f61a02 -> 
  custom:video-encoder-webm-vp8: eb34c28f22e8b96e1ab97ce403110664 -> 
  custom:video-codec-MediaFoundation-h265: 746d11721c4dcdbdad8f713fa42b33f4 -> 
  custom:audio-encoder-webm-vorbis: bf7c407c2cedff20999df2af8eb42d56 -> 
  custom:framework-win-MediaFoundation: 216162199b28c13a410421893ffa2e32 -> 
  custom:container-demuxer-ogg: 62fdf1f143b41e24485cea50d1cbac27 -> 
  custom:video-decoder-webm-vp8: 9c59270c3fd7afecdb556c50c9e8de78 -> 
  custom:audio-decoder-ogg-vorbis: bf7c407c2cedff20999df2af8eb42d56 -> 
========================================================================
Received Prepare
Registering precompiled user dll's ...
Registered in 0.002423 seconds.
Begin MonoManager ReloadAssembly
Native extension for WindowsStandalone target not found
Native extension for WebGL target not found
Refreshing native plugins compatible for Editor in 0.64 ms, found 2 plugins.
Preloading 0 native plugins for Editor in 0.00 ms.
Mono: successfully reloaded assembly
- Completed reload, in  1.248 seconds
Domain Reload Profiling:
	ReloadAssembly (1249ms)
		BeginReloadAssembly (159ms)
			ExecutionOrderSort (0ms)
			DisableScriptedObjects (8ms)
			BackupInstance (0ms)
			ReleaseScriptingObjects (0ms)
			CreateAndSetChildDomain (31ms)
		EndReloadAssembly (982ms)
			LoadAssemblies (77ms)
			RebuildTransferFunctionScriptingTraits (0ms)
			SetupTypeCache (261ms)
			ReleaseScriptCaches (1ms)
			RebuildScriptCaches (123ms)
			SetupLoadedEditorAssemblies (370ms)
				LogAssemblyErrors (0ms)
				InitializePlatformSupportModulesInManaged (17ms)
				SetLoadedEditorAssemblies (1ms)
				RefreshPlugins (1ms)
				BeforeProcessingInitializeOnLoad (63ms)
				ProcessInitializeOnLoadAttributes (242ms)
				ProcessInitializeOnLoadMethodAttributes (43ms)
				AfterProcessingInitializeOnLoad (3ms)
				EditorAssembliesLoaded (0ms)
			ExecutionOrderSort2 (0ms)
			AwakeInstancesAfterBackupRestoration (8ms)
Platform modules already initialized, skipping
Refreshing native plugins compatible for Editor in 3.56 ms, found 2 plugins.
Preloading 0 native plugins for Editor in 0.00 ms.
Unloading 1756 Unused Serialized files (Serialized files now loaded: 0)
Unloading 12 unused Assets / (31.7 KB). Loaded Objects now: 2235.
Memory consumption went from 74.9 MB to 74.9 MB.
Total: 6.011700 ms (FindLiveObjects: 0.226800 ms CreateObjectMapping: 0.180600 ms MarkObjects: 5.570600 ms  DeleteObjects: 0.031800 ms)

AssetImportParameters requested are different than current active one (requested -> active):
  custom:video-decoder-ogg-theora: a1e56fd34408186e4bbccfd4996cb3dc -> 
  custom:container-muxer-webm: aa71ff27fc2769a1b78a27578f13a17b -> 
  custom:container-demuxer-webm: 4f35f7cbe854078d1ac9338744f61a02 -> 
  custom:video-encoder-webm-vp8: eb34c28f22e8b96e1ab97ce403110664 -> 
  custom:video-codec-MediaFoundation-h265: 746d11721c4dcdbdad8f713fa42b33f4 -> 
  custom:audio-encoder-webm-vorbis: bf7c407c2cedff20999df2af8eb42d56 -> 
  custom:framework-win-MediaFoundation: 216162199b28c13a410421893ffa2e32 -> 
  custom:container-demuxer-ogg: 62fdf1f143b41e24485cea50d1cbac27 -> 
  custom:video-decoder-webm-vp8: 9c59270c3fd7afecdb556c50c9e8de78 -> 
  custom:audio-decoder-ogg-vorbis: bf7c407c2cedff20999df2af8eb42d56 -> 
========================================================================
Received Import Request.
  Time since last request: 1573.837295 seconds.
  path: Assets/_Udemy Roguelike/Art/Objects/Level Objects.png
  artifactKey: Guid(815f98a145a4ae14d897a7f431477ea9) Importer(815301076,1909f56bfc062723c751e8b465ee728b)
Start importing Assets/_Udemy Roguelike/Art/Objects/Level Objects.png using Guid(815f98a145a4ae14d897a7f431477ea9) Importer(815301076,1909f56bfc062723c751e8b465ee728b)  -> (artifact id: 'b78f9d8482788e623684d06b915907da') in 0.268361 seconds 
========================================================================
Received Import Request.
  Time since last request: 2.568325 seconds.
  path: Assets/_Udemy Roguelike/Audio/SFX/Enemy Death.wav
  artifactKey: Guid(297eaa725d4cb44449b0a8d9cdc95591) Importer(815301076,1909f56bfc062723c751e8b465ee728b)
Start importing Assets/_Udemy Roguelike/Audio/SFX/Enemy Death.wav using Guid(297eaa725d4cb44449b0a8d9cdc95591) Importer(815301076,1909f56bfc062723c751e8b465ee728b)  -> (artifact id: '55d20f1daceb61dfc29ba0727e6af930') in 0.173790 seconds 
========================================================================
Received Import Request.
  Time since last request: 0.000044 seconds.
  path: Assets/_Udemy Roguelike/Audio/SFX/Player Hurt.wav
  artifactKey: Guid(717f629557c500e4b9ba2fce9e34f283) Importer(815301076,1909f56bfc062723c751e8b465ee728b)
Start importing Assets/_Udemy Roguelike/Audio/SFX/Player Hurt.wav using Guid(717f629557c500e4b9ba2fce9e34f283) Importer(815301076,1909f56bfc062723c751e8b465ee728b)  -> (artifact id: '3259719561dc0a693faf47d6b1a0786b') in 0.027811 seconds 
========================================================================
Received Import Request.
  Time since last request: 0.000049 seconds.
  path: Assets/_Udemy Roguelike/Audio/SFX/Impact.wav
  artifactKey: Guid(68e35de993d96ac409176d03b7889f30) Importer(815301076,1909f56bfc062723c751e8b465ee728b)
Start importing Assets/_Udemy Roguelike/Audio/SFX/Impact.wav using Guid(68e35de993d96ac409176d03b7889f30) Importer(815301076,1909f56bfc062723c751e8b465ee728b)  -> (artifact id: '765be4f0a7f04a30b4abe265314179eb') in 0.023671 seconds 
========================================================================
Received Import Request.
  Time since last request: 0.000031 seconds.
  path: Assets/_Udemy Roguelike/Audio/SFX/Shoot6.wav
  artifactKey: Guid(4748714ac39bba245ac5339217aa9986) Importer(815301076,1909f56bfc062723c751e8b465ee728b)
Start importing Assets/_Udemy Roguelike/Audio/SFX/Shoot6.wav using Guid(4748714ac39bba245ac5339217aa9986) Importer(815301076,1909f56bfc062723c751e8b465ee728b)  -> (artifact id: 'b37a59430b04ed525bca8eec00982fdb') in 0.022231 seconds 
========================================================================
Received Import Request.
  Time since last request: 0.000081 seconds.
  path: Assets/_Udemy Roguelike/Audio/SFX/Pickup Health.wav
  artifactKey: Guid(f52616f3be2e1324382bd0f2bc65f340) Importer(815301076,1909f56bfc062723c751e8b465ee728b)
Start importing Assets/_Udemy Roguelike/Audio/SFX/Pickup Health.wav using Guid(f52616f3be2e1324382bd0f2bc65f340) Importer(815301076,1909f56bfc062723c751e8b465ee728b)  -> (artifact id: '99946b6fd8310a5461af888583740457') in 0.019068 seconds 
========================================================================
Received Import Request.
  Time since last request: 0.000032 seconds.
  path: Assets/_Udemy Roguelike/Audio/SFX/Pickup Coin.wav
  artifactKey: Guid(ad703abfb82e4a5478307268a23123c8) Importer(815301076,1909f56bfc062723c751e8b465ee728b)
Start importing Assets/_Udemy Roguelike/Audio/SFX/Pickup Coin.wav using Guid(ad703abfb82e4a5478307268a23123c8) Importer(815301076,1909f56bfc062723c751e8b465ee728b)  -> (artifact id: '8a6a7ffe9c391e660ddf0a68e74fe4ac') in 0.020543 seconds 
========================================================================
Received Import Request.
  Time since last request: 0.000037 seconds.
  path: Assets/_Udemy Roguelike/Audio/SFX/Shoot3.wav
  artifactKey: Guid(c36fa7f6b67b43046914d9ec96380ef6) Importer(815301076,1909f56bfc062723c751e8b465ee728b)
Start importing Assets/_Udemy Roguelike/Audio/SFX/Shoot3.wav using Guid(c36fa7f6b67b43046914d9ec96380ef6) Importer(815301076,1909f56bfc062723c751e8b465ee728b)  -> (artifact id: 'c01a7caba705ebfb73a49f2d1ea4e21e') in 0.020174 seconds 
========================================================================
Received Import Request.
  Time since last request: 0.000036 seconds.
  path: Assets/_Udemy Roguelike/Audio/SFX/Shop Not Enough.wav
  artifactKey: Guid(80feaacdc0276f84085abce852e5c3a6) Importer(815301076,1909f56bfc062723c751e8b465ee728b)
Start importing Assets/_Udemy Roguelike/Audio/SFX/Shop Not Enough.wav using Guid(80feaacdc0276f84085abce852e5c3a6) Importer(815301076,1909f56bfc062723c751e8b465ee728b)  -> (artifact id: 'f546ade63a43af235204ff55cd4a5722') in 0.020325 seconds 
========================================================================
Received Import Request.
  Time since last request: 0.000026 seconds.
  path: Assets/_Udemy Roguelike/Audio/SFX/Shop Buy.wav
  artifactKey: Guid(4836dc59ed6ae824ea8e893c325e9f11) Importer(815301076,1909f56bfc062723c751e8b465ee728b)
Start importing Assets/_Udemy Roguelike/Audio/SFX/Shop Buy.wav using Guid(4836dc59ed6ae824ea8e893c325e9f11) Importer(815301076,1909f56bfc062723c751e8b465ee728b)  -> (artifact id: '2cfb4cfe38fbe98739ada0ed65c67d35') in 0.020173 seconds 
========================================================================
Received Import Request.
  Time since last request: 0.000037 seconds.
  path: Assets/_Udemy Roguelike/Audio/SFX/Player Dash.wav
  artifactKey: Guid(9d2456fff877bbc43a8b0f0de1528b91) Importer(815301076,1909f56bfc062723c751e8b465ee728b)
Start importing Assets/_Udemy Roguelike/Audio/SFX/Player Dash.wav using Guid(9d2456fff877bbc43a8b0f0de1528b91) Importer(815301076,1909f56bfc062723c751e8b465ee728b)  -> (artifact id: '2680c4435075db49bf1d04855ea963a6') in 0.024937 seconds 
========================================================================
Received Import Request.
  Time since last request: 1014.042312 seconds.
  path: Assets/Prefabs/Enemies/Enemy - Coward.prefab
  artifactKey: Guid(5cf0628d5baedc04e9955a1d0371718c) Importer(815301076,1909f56bfc062723c751e8b465ee728b)
Start importing Assets/Prefabs/Enemies/Enemy - Coward.prefab using Guid(5cf0628d5baedc04e9955a1d0371718c) Importer(815301076,1909f56bfc062723c751e8b465ee728b)  -> (artifact id: '967a19f82d27869509cd799d894dc3be') in 0.065099 seconds 
========================================================================
Received Import Request.
  Time since last request: 0.000027 seconds.
  path: Assets/Prefabs/Enemies/Enemy Bullet.prefab
  artifactKey: Guid(c73098aed36748949aca357bc42013a6) Importer(815301076,1909f56bfc062723c751e8b465ee728b)
Start importing Assets/Prefabs/Enemies/Enemy Bullet.prefab using Guid(c73098aed36748949aca357bc42013a6) Importer(815301076,1909f56bfc062723c751e8b465ee728b)  -> (artifact id: 'e3fbde1215bb7e467f6eb542558c96d1') in 0.021305 seconds 
========================================================================
Received Import Request.
  Time since last request: 66.300345 seconds.
  path: Assets/_Udemy Roguelike/Art/Enemies/Enemies.png
  artifactKey: Guid(02027016afbc5d544ab92ba819bc8094) Importer(815301076,1909f56bfc062723c751e8b465ee728b)
Start importing Assets/_Udemy Roguelike/Art/Enemies/Enemies.png using Guid(02027016afbc5d544ab92ba819bc8094) Importer(815301076,1909f56bfc062723c751e8b465ee728b)  -> (artifact id: '0f97cff6cc9ee1fc255a69a8669d86ec') in 0.061303 seconds 
