Using pre-set license
Built from '2021.3/staging' branch; Version is '2021.3.13f1 (9e7d58001ecf) revision 10386776'; Using compiler version '192829333'; Build Type 'Release'
OS: 'Windows 10  (10.0.19044) 64bit CoreSingleLanguage' Language: 'en' Physical Memory: 16231 MB
BatchMode: 1, IsHumanControllingUs: 0, StartBugReporterOnCrash: 0, Is64bit: 1, IsPro: 1

COMMAND LINE ARGUMENTS:
D:\Unity Hub\2021.3.13f1\Editor\Unity.exe
-adb2
-batchMode
-noUpm
-name
AssetImportWorker3
-projectPath
D:/GitHub for Desktop projects/ComputerGraphicsProject
-logFile
Logs/AssetImportWorker3.log
-srvPort
53152
Successfully changed project path to: D:/GitHub for Desktop projects/ComputerGraphicsProject
D:/GitHub for Desktop projects/ComputerGraphicsProject
[UnityMemory] Configuration Parameters - Can be set up in boot.config
    "memorysetup-bucket-allocator-granularity=16"
    "memorysetup-bucket-allocator-bucket-count=8"
    "memorysetup-bucket-allocator-block-size=33554432"
    "memorysetup-bucket-allocator-block-count=8"
    "memorysetup-main-allocator-block-size=16777216"
    "memorysetup-thread-allocator-block-size=16777216"
    "memorysetup-gfx-main-allocator-block-size=16777216"
    "memorysetup-gfx-thread-allocator-block-size=16777216"
    "memorysetup-cache-allocator-block-size=4194304"
    "memorysetup-typetree-allocator-block-size=2097152"
    "memorysetup-profiler-bucket-allocator-granularity=16"
    "memorysetup-profiler-bucket-allocator-bucket-count=8"
    "memorysetup-profiler-bucket-allocator-block-size=33554432"
    "memorysetup-profiler-bucket-allocator-block-count=8"
    "memorysetup-profiler-allocator-block-size=16777216"
    "memorysetup-profiler-editor-allocator-block-size=1048576"
    "memorysetup-temp-allocator-size-main=16777216"
    "memorysetup-job-temp-allocator-block-size=2097152"
    "memorysetup-job-temp-allocator-block-size-background=1048576"
    "memorysetup-job-temp-allocator-reduction-small-platforms=262144"
    "memorysetup-temp-allocator-size-background-worker=32768"
    "memorysetup-temp-allocator-size-job-worker=262144"
    "memorysetup-temp-allocator-size-preload-manager=33554432"
    "memorysetup-temp-allocator-size-nav-mesh-worker=65536"
    "memorysetup-temp-allocator-size-audio-worker=65536"
    "memorysetup-temp-allocator-size-cloud-worker=32768"
    "memorysetup-temp-allocator-size-gi-baking-worker=262144"
    "memorysetup-temp-allocator-size-gfx=262144"
Refreshing native plugins compatible for Editor in 45.81 ms, found 2 plugins.
Preloading 0 native plugins for Editor in 0.00 ms.
Initialize engine version: 2021.3.13f1 (9e7d58001ecf)
[Subsystems] Discovering subsystems at path D:/Unity Hub/2021.3.13f1/Editor/Data/Resources/UnitySubsystems
[Subsystems] Discovering subsystems at path D:/GitHub for Desktop projects/ComputerGraphicsProject/Assets
GfxDevice: creating device client; threaded=0; jobified=0
Direct3D:
    Version:  Direct3D 11.0 [level 11.1]
    Renderer: NVIDIA GeForce GTX 1660 Ti (ID=0x2191)
    Vendor:   NVIDIA
    VRAM:     5991 MB
    Driver:   26.21.14.4166
Initialize mono
Mono path[0] = 'D:/Unity Hub/2021.3.13f1/Editor/Data/Managed'
Mono path[1] = 'D:/Unity Hub/2021.3.13f1/Editor/Data/MonoBleedingEdge/lib/mono/unityjit-win32'
Mono config path = 'D:/Unity Hub/2021.3.13f1/Editor/Data/MonoBleedingEdge/etc'
Using monoOptions --debugger-agent=transport=dt_socket,embedding=1,server=y,suspend=n,address=127.0.0.1:56004
Begin MonoManager ReloadAssembly
Registering precompiled unity dll's ...
Register platform support module: D:/Unity Hub/2021.3.13f1/Editor/Data/PlaybackEngines/WindowsStandaloneSupport/UnityEditor.WindowsStandalone.Extensions.dll
Registered in 0.003134 seconds.
Native extension for WindowsStandalone target not found
Refreshing native plugins compatible for Editor in 40.43 ms, found 2 plugins.
Preloading 0 native plugins for Editor in 0.00 ms.
Mono: successfully reloaded assembly
- Completed reload, in  0.624 seconds
Domain Reload Profiling:
	ReloadAssembly (624ms)
		BeginReloadAssembly (70ms)
			ExecutionOrderSort (0ms)
			DisableScriptedObjects (0ms)
			BackupInstance (0ms)
			ReleaseScriptingObjects (0ms)
			CreateAndSetChildDomain (1ms)
		EndReloadAssembly (441ms)
			LoadAssemblies (69ms)
			RebuildTransferFunctionScriptingTraits (0ms)
			SetupTypeCache (115ms)
			ReleaseScriptCaches (0ms)
			RebuildScriptCaches (30ms)
			SetupLoadedEditorAssemblies (248ms)
				LogAssemblyErrors (0ms)
				InitializePlatformSupportModulesInManaged (9ms)
				SetLoadedEditorAssemblies (0ms)
				RefreshPlugins (41ms)
				BeforeProcessingInitializeOnLoad (2ms)
				ProcessInitializeOnLoadAttributes (142ms)
				ProcessInitializeOnLoadMethodAttributes (55ms)
				AfterProcessingInitializeOnLoad (0ms)
				EditorAssembliesLoaded (0ms)
			ExecutionOrderSort2 (0ms)
			AwakeInstancesAfterBackupRestoration (0ms)
Platform modules already initialized, skipping
Registering precompiled user dll's ...
Registered in 0.002488 seconds.
Begin MonoManager ReloadAssembly
Native extension for WindowsStandalone target not found
Refreshing native plugins compatible for Editor in 0.43 ms, found 2 plugins.
Preloading 0 native plugins for Editor in 0.00 ms.
Mono: successfully reloaded assembly
- Completed reload, in  0.968 seconds
Domain Reload Profiling:
	ReloadAssembly (969ms)
		BeginReloadAssembly (115ms)
			ExecutionOrderSort (0ms)
			DisableScriptedObjects (6ms)
			BackupInstance (0ms)
			ReleaseScriptingObjects (0ms)
			CreateAndSetChildDomain (21ms)
		EndReloadAssembly (731ms)
			LoadAssemblies (77ms)
			RebuildTransferFunctionScriptingTraits (0ms)
			SetupTypeCache (213ms)
			ReleaseScriptCaches (0ms)
			RebuildScriptCaches (52ms)
			SetupLoadedEditorAssemblies (345ms)
				LogAssemblyErrors (0ms)
				InitializePlatformSupportModulesInManaged (5ms)
				SetLoadedEditorAssemblies (0ms)
				RefreshPlugins (0ms)
				BeforeProcessingInitializeOnLoad (58ms)
				ProcessInitializeOnLoadAttributes (237ms)
				ProcessInitializeOnLoadMethodAttributes (41ms)
				AfterProcessingInitializeOnLoad (3ms)
				EditorAssembliesLoaded (0ms)
			ExecutionOrderSort2 (0ms)
			AwakeInstancesAfterBackupRestoration (9ms)
Platform modules already initialized, skipping
========================================================================
Worker process is ready to serve import requests
Launched and connected shader compiler UnityShaderCompiler.exe after 0.04 seconds
Refreshing native plugins compatible for Editor in 0.52 ms, found 2 plugins.
Preloading 0 native plugins for Editor in 0.00 ms.
Unloading 1770 Unused Serialized files (Serialized files now loaded: 0)
Unloading 23 unused Assets / (56.2 KB). Loaded Objects now: 2241.
Memory consumption went from 75.3 MB to 75.2 MB.
Total: 4.428200 ms (FindLiveObjects: 0.210100 ms CreateObjectMapping: 0.086900 ms MarkObjects: 4.062200 ms  DeleteObjects: 0.068000 ms)

AssetImportParameters requested are different than current active one (requested -> active):
  custom:video-decoder-ogg-theora: a1e56fd34408186e4bbccfd4996cb3dc -> 
  custom:container-muxer-webm: aa71ff27fc2769a1b78a27578f13a17b -> 
  custom:container-demuxer-webm: 4f35f7cbe854078d1ac9338744f61a02 -> 
  custom:video-encoder-webm-vp8: eb34c28f22e8b96e1ab97ce403110664 -> 
  custom:audio-encoder-webm-vorbis: bf7c407c2cedff20999df2af8eb42d56 -> 
  custom:framework-win-MediaFoundation: 216162199b28c13a410421893ffa2e32 -> 
  custom:container-demuxer-ogg: 62fdf1f143b41e24485cea50d1cbac27 -> 
  custom:video-decoder-webm-vp8: 9c59270c3fd7afecdb556c50c9e8de78 -> 
  custom:audio-decoder-ogg-vorbis: bf7c407c2cedff20999df2af8eb42d56 -> 
========================================================================
Received Import Request.
  Time since last request: 700387.911851 seconds.
  path: Assets/Frames/lizard_f_idle_anim_f1.png
  artifactKey: Guid(21699ed399a80354cbeca6c348824884) Importer(815301076,1909f56bfc062723c751e8b465ee728b)
Start importing Assets/Frames/lizard_f_idle_anim_f1.png using Guid(21699ed399a80354cbeca6c348824884) Importer(815301076,1909f56bfc062723c751e8b465ee728b)  -> (artifact id: 'f6f59e2d4b13be20a460ec18794e4eae') in 0.114612 seconds 
========================================================================
Received Import Request.
  Time since last request: 2.912492 seconds.
  path: Assets/Frames/lizard_f_run_anim_f0.png
  artifactKey: Guid(f7acacd5d8462cd4d8ac5203fdf0f4da) Importer(815301076,1909f56bfc062723c751e8b465ee728b)
Start importing Assets/Frames/lizard_f_run_anim_f0.png using Guid(f7acacd5d8462cd4d8ac5203fdf0f4da) Importer(815301076,1909f56bfc062723c751e8b465ee728b)  -> (artifact id: 'f98ff4459c4dd0e6c269e4aeb1d542f8') in 0.013432 seconds 
========================================================================
Received Import Request.
  Time since last request: 0.000022 seconds.
  path: Assets/Frames/lizard_f_run_anim_f1.png
  artifactKey: Guid(ce9cef7853fa93a40a0421a760d6575e) Importer(815301076,1909f56bfc062723c751e8b465ee728b)
Start importing Assets/Frames/lizard_f_run_anim_f1.png using Guid(ce9cef7853fa93a40a0421a760d6575e) Importer(815301076,1909f56bfc062723c751e8b465ee728b)  -> (artifact id: '2ea6a208c18b823bffd35e138979842a') in 0.011196 seconds 
========================================================================
Received Import Request.
  Time since last request: 0.286354 seconds.
  path: Assets/Frames/lizard_m_idle_anim_f0.png
  artifactKey: Guid(c3b9bcb0b0a566f4ab402eabc063990d) Importer(815301076,1909f56bfc062723c751e8b465ee728b)
Start importing Assets/Frames/lizard_m_idle_anim_f0.png using Guid(c3b9bcb0b0a566f4ab402eabc063990d) Importer(815301076,1909f56bfc062723c751e8b465ee728b)  -> (artifact id: 'b6eaab2c5348b4a94dea2da16936278e') in 0.012458 seconds 
========================================================================
Received Import Request.
  Time since last request: 0.186403 seconds.
  path: Assets/Frames/lizard_m_run_anim_f1.png
  artifactKey: Guid(188f6648c6f4d264ab91c885b79545c4) Importer(815301076,1909f56bfc062723c751e8b465ee728b)
Start importing Assets/Frames/lizard_m_run_anim_f1.png using Guid(188f6648c6f4d264ab91c885b79545c4) Importer(815301076,1909f56bfc062723c751e8b465ee728b)  -> (artifact id: 'cd46fb0b21a9abce7f003fb2690b699f') in 0.012433 seconds 
========================================================================
Received Import Request.
  Time since last request: 0.232896 seconds.
  path: Assets/_Udemy Roguelike/Art/UI/Logo.png
  artifactKey: Guid(8ed9f0b316f4b234fb5137db3fddd3ef) Importer(815301076,1909f56bfc062723c751e8b465ee728b)
Start importing Assets/_Udemy Roguelike/Art/UI/Logo.png using Guid(8ed9f0b316f4b234fb5137db3fddd3ef) Importer(815301076,1909f56bfc062723c751e8b465ee728b)  -> (artifact id: '56b40475ed752c49657591981aeb4949') in 0.016249 seconds 
========================================================================
Received Import Request.
  Time since last request: 0.000029 seconds.
  path: Assets/_Udemy Roguelike/Art/Map/map_markers.png
  artifactKey: Guid(f9fa167fb3d117b4ca8e67a307b6742d) Importer(815301076,1909f56bfc062723c751e8b465ee728b)
Start importing Assets/_Udemy Roguelike/Art/Map/map_markers.png using Guid(f9fa167fb3d117b4ca8e67a307b6742d) Importer(815301076,1909f56bfc062723c751e8b465ee728b)  -> (artifact id: '8b3f56242a21e3880807e8f75a0f564e') in 0.015400 seconds 
========================================================================
Received Import Request.
  Time since last request: 0.525221 seconds.
  path: Assets/Frames/masked_orc_idle_anim_f2.png
  artifactKey: Guid(b22bd064759c68f40ae4e19c15ff7932) Importer(815301076,1909f56bfc062723c751e8b465ee728b)
Start importing Assets/Frames/masked_orc_idle_anim_f2.png using Guid(b22bd064759c68f40ae4e19c15ff7932) Importer(815301076,1909f56bfc062723c751e8b465ee728b)  -> (artifact id: 'f6bb40946fcc7c459f72cef10938c47e') in 0.014439 seconds 
========================================================================
Received Import Request.
  Time since last request: 7.621105 seconds.
  path: Assets/Frames/masked_orc_run_anim_f2.png
  artifactKey: Guid(5c8a1166ef8dfb741ade7730b436f268) Importer(815301076,1909f56bfc062723c751e8b465ee728b)
Start importing Assets/Frames/masked_orc_run_anim_f2.png using Guid(5c8a1166ef8dfb741ade7730b436f268) Importer(815301076,1909f56bfc062723c751e8b465ee728b)  -> (artifact id: '487ece9572464ee52a1a67d102508acd') in 0.020057 seconds 
========================================================================
Received Import Request.
  Time since last request: 0.000034 seconds.
  path: Assets/Frames/muddy_idle_anim_f0.png
  artifactKey: Guid(457ee43eb57739c44bbd130ce63aa1c8) Importer(815301076,1909f56bfc062723c751e8b465ee728b)
Start importing Assets/Frames/muddy_idle_anim_f0.png using Guid(457ee43eb57739c44bbd130ce63aa1c8) Importer(815301076,1909f56bfc062723c751e8b465ee728b)  -> (artifact id: 'fb81d959bc7ad97c99d39d35e00c5022') in 0.013007 seconds 
========================================================================
Received Import Request.
  Time since last request: 0.114019 seconds.
  path: Assets/Frames/muddy_idle_anim_f3.png
  artifactKey: Guid(55146d8cc3b814145a77387670c5ddc7) Importer(815301076,1909f56bfc062723c751e8b465ee728b)
Start importing Assets/Frames/muddy_idle_anim_f3.png using Guid(55146d8cc3b814145a77387670c5ddc7) Importer(815301076,1909f56bfc062723c751e8b465ee728b)  -> (artifact id: '2ce0bc40b37bbeaca05a059c85098971') in 0.013700 seconds 
========================================================================
Received Import Request.
  Time since last request: 0.177977 seconds.
  path: Assets/Frames/necromancer_idle_anim_f0.png
  artifactKey: Guid(0fcd9f83789e8a841946f44af20370bb) Importer(815301076,1909f56bfc062723c751e8b465ee728b)
Start importing Assets/Frames/necromancer_idle_anim_f0.png using Guid(0fcd9f83789e8a841946f44af20370bb) Importer(815301076,1909f56bfc062723c751e8b465ee728b)  -> (artifact id: 'ebc0bf7602b584d3ae6dcb31cac7f8be') in 0.012241 seconds 
========================================================================
Received Import Request.
  Time since last request: 0.000032 seconds.
  path: Assets/Frames/necromancer_idle_anim_f2.png
  artifactKey: Guid(9f2c7c57316b2f744ab5c04497292dd0) Importer(815301076,1909f56bfc062723c751e8b465ee728b)
Start importing Assets/Frames/necromancer_idle_anim_f2.png using Guid(9f2c7c57316b2f744ab5c04497292dd0) Importer(815301076,1909f56bfc062723c751e8b465ee728b)  -> (artifact id: '886724daf1943cf7695047e540011f7d') in 0.012044 seconds 
========================================================================
Received Import Request.
  Time since last request: 0.192475 seconds.
  path: Assets/Frames/necromancer_run_anim_f1.png
  artifactKey: Guid(5a15437473ea09f40a178cd19393c342) Importer(815301076,1909f56bfc062723c751e8b465ee728b)
Start importing Assets/Frames/necromancer_run_anim_f1.png using Guid(5a15437473ea09f40a178cd19393c342) Importer(815301076,1909f56bfc062723c751e8b465ee728b)  -> (artifact id: '83786058470048be0ead6d7382db8025') in 0.015993 seconds 
========================================================================
Received Import Request.
  Time since last request: 0.250379 seconds.
  path: Assets/Frames/ogre_idle_anim_f1.png
  artifactKey: Guid(a6c6394c7e088734ea26cc3d6edbb26d) Importer(815301076,1909f56bfc062723c751e8b465ee728b)
Start importing Assets/Frames/ogre_idle_anim_f1.png using Guid(a6c6394c7e088734ea26cc3d6edbb26d) Importer(815301076,1909f56bfc062723c751e8b465ee728b)  -> (artifact id: '347081d570d34dbcc1473acf51b276a1') in 0.013337 seconds 
========================================================================
Received Import Request.
  Time since last request: 0.000043 seconds.
  path: Assets/Frames/ogre_idle_anim_f3.png
  artifactKey: Guid(5235874e1d200f142babef142468510c) Importer(815301076,1909f56bfc062723c751e8b465ee728b)
Start importing Assets/Frames/ogre_idle_anim_f3.png using Guid(5235874e1d200f142babef142468510c) Importer(815301076,1909f56bfc062723c751e8b465ee728b)  -> (artifact id: '4ede4e9cc83d9ece65037bca7622ddae') in 0.014689 seconds 
========================================================================
Received Import Request.
  Time since last request: 0.166091 seconds.
  path: Assets/Frames/ogre_run_anim_f2.png
  artifactKey: Guid(9c9544be83b82d744b5e21baacf6e050) Importer(815301076,1909f56bfc062723c751e8b465ee728b)
Start importing Assets/Frames/ogre_run_anim_f2.png using Guid(9c9544be83b82d744b5e21baacf6e050) Importer(815301076,1909f56bfc062723c751e8b465ee728b)  -> (artifact id: '9b0007591fa774825893dc507efc4873') in 0.014558 seconds 
========================================================================
Received Import Request.
  Time since last request: 0.333958 seconds.
  path: Assets/Frames/orc_shaman_idle_anim_f2.png
  artifactKey: Guid(073205c73907d334dadd1792fd26f41a) Importer(815301076,1909f56bfc062723c751e8b465ee728b)
Start importing Assets/Frames/orc_shaman_idle_anim_f2.png using Guid(073205c73907d334dadd1792fd26f41a) Importer(815301076,1909f56bfc062723c751e8b465ee728b)  -> (artifact id: 'fd7afd1e71d2bad767ab12e16beb82e0') in 0.013698 seconds 
========================================================================
Received Import Request.
  Time since last request: 0.000018 seconds.
  path: Assets/Frames/orc_shaman_run_anim_f0.png
  artifactKey: Guid(51f1cae05498d3e498fd51defcecf97f) Importer(815301076,1909f56bfc062723c751e8b465ee728b)
Start importing Assets/Frames/orc_shaman_run_anim_f0.png using Guid(51f1cae05498d3e498fd51defcecf97f) Importer(815301076,1909f56bfc062723c751e8b465ee728b)  -> (artifact id: '1ef3fcf79e8ddce57dec294b9cd875ca') in 0.012028 seconds 
========================================================================
Received Import Request.
  Time since last request: 0.067386 seconds.
  path: Assets/Frames/orc_shaman_run_anim_f3.png
  artifactKey: Guid(9e11cae8ba1947d43b9239c81a27d2de) Importer(815301076,1909f56bfc062723c751e8b465ee728b)
Start importing Assets/Frames/orc_shaman_run_anim_f3.png using Guid(9e11cae8ba1947d43b9239c81a27d2de) Importer(815301076,1909f56bfc062723c751e8b465ee728b)  -> (artifact id: '48099143653684f548f0123bcb06ffd3') in 0.013950 seconds 
========================================================================
Received Import Request.
  Time since last request: 0.189202 seconds.
  path: Assets/Frames/orc_warrior_run_anim_f0.png
  artifactKey: Guid(c2634812be754e54f8539e3e7c75bf07) Importer(815301076,1909f56bfc062723c751e8b465ee728b)
Start importing Assets/Frames/orc_warrior_run_anim_f0.png using Guid(c2634812be754e54f8539e3e7c75bf07) Importer(815301076,1909f56bfc062723c751e8b465ee728b)  -> (artifact id: '335595de7e4e00647a7d132bc5a38880') in 0.014241 seconds 
========================================================================
Received Import Request.
  Time since last request: 0.000029 seconds.
  path: Assets/Frames/orc_warrior_run_anim_f2.png
  artifactKey: Guid(461f9a14d377eb04499d15f834a77be8) Importer(815301076,1909f56bfc062723c751e8b465ee728b)
Start importing Assets/Frames/orc_warrior_run_anim_f2.png using Guid(461f9a14d377eb04499d15f834a77be8) Importer(815301076,1909f56bfc062723c751e8b465ee728b)  -> (artifact id: '271dfd5e61414d3887b540a74185b9ff') in 0.012907 seconds 
========================================================================
Received Import Request.
  Time since last request: 0.142332 seconds.
  path: Assets/_Udemy Roguelike/Art/Characters/Player_Bullets.png
  artifactKey: Guid(56faa61c0738e9b43b0b5aa082c87bb1) Importer(815301076,1909f56bfc062723c751e8b465ee728b)
Start importing Assets/_Udemy Roguelike/Art/Characters/Player_Bullets.png using Guid(56faa61c0738e9b43b0b5aa082c87bb1) Importer(815301076,1909f56bfc062723c751e8b465ee728b)  -> (artifact id: 'a866f0b0be31ae1d9c01eb260b4f98a7') in 0.026531 seconds 
========================================================================
Received Import Request.
  Time since last request: 0.536712 seconds.
  path: Packages/com.unity.collab-proxy/Editor/PlasticSCM/Assets/Images/secondarytabclose.png
  artifactKey: Guid(03cefa94d5aa9d74993fb2138af9d607) Importer(815301076,1909f56bfc062723c751e8b465ee728b)
Start importing Packages/com.unity.collab-proxy/Editor/PlasticSCM/Assets/Images/secondarytabclose.png using Guid(03cefa94d5aa9d74993fb2138af9d607) Importer(815301076,1909f56bfc062723c751e8b465ee728b)  -> (artifact id: 'd2661865b80d8e75b22009972783a089') in 0.025527 seconds 
========================================================================
Received Import Request.
  Time since last request: 0.079370 seconds.
  path: Assets/Frames/skelet_idle_anim_f1.png
  artifactKey: Guid(c9bc360f25dc6524ab4d2f10d32565d1) Importer(815301076,1909f56bfc062723c751e8b465ee728b)
Start importing Assets/Frames/skelet_idle_anim_f1.png using Guid(c9bc360f25dc6524ab4d2f10d32565d1) Importer(815301076,1909f56bfc062723c751e8b465ee728b)  -> (artifact id: '95b063c9d81a8150d682bc5f0dc83886') in 0.014531 seconds 
========================================================================
Received Import Request.
  Time since last request: 0.000025 seconds.
  path: Assets/Frames/skelet_idle_anim_f2.png
  artifactKey: Guid(16d5179cebe74a240a976b2654cf696c) Importer(815301076,1909f56bfc062723c751e8b465ee728b)
Start importing Assets/Frames/skelet_idle_anim_f2.png using Guid(16d5179cebe74a240a976b2654cf696c) Importer(815301076,1909f56bfc062723c751e8b465ee728b)  -> (artifact id: 'acd5db2f695eefab4794ecfe5f47e5ab') in 0.011080 seconds 
========================================================================
Received Import Request.
  Time since last request: 0.338018 seconds.
  path: Assets/Frames/skelet_run_anim_f1.png
  artifactKey: Guid(a8f63aee0f8dac945a2978b36ea06d75) Importer(815301076,1909f56bfc062723c751e8b465ee728b)
Start importing Assets/Frames/skelet_run_anim_f1.png using Guid(a8f63aee0f8dac945a2978b36ea06d75) Importer(815301076,1909f56bfc062723c751e8b465ee728b)  -> (artifact id: '2065f03c6118c6b9eff970c2e77d1f5a') in 0.016038 seconds 
========================================================================
Received Import Request.
  Time since last request: 0.000028 seconds.
  path: Assets/Frames/skelet_run_anim_f3.png
  artifactKey: Guid(d4caf26cf3b6dcc42bd73eeaabd60ba6) Importer(815301076,1909f56bfc062723c751e8b465ee728b)
Start importing Assets/Frames/skelet_run_anim_f3.png using Guid(d4caf26cf3b6dcc42bd73eeaabd60ba6) Importer(815301076,1909f56bfc062723c751e8b465ee728b)  -> (artifact id: 'ee1ece155f7553e03f8c08e0e95c233b') in 0.016856 seconds 
========================================================================
Received Import Request.
  Time since last request: 0.428999 seconds.
  path: Packages/com.unity.collab-proxy/Editor/PlasticSCM/Assets/Images/step2.png
  artifactKey: Guid(cd0b17b71a5c498428ee91dee8a78a88) Importer(815301076,1909f56bfc062723c751e8b465ee728b)
Start importing Packages/com.unity.collab-proxy/Editor/PlasticSCM/Assets/Images/step2.png using Guid(cd0b17b71a5c498428ee91dee8a78a88) Importer(815301076,1909f56bfc062723c751e8b465ee728b)  -> (artifact id: 'f142f0d53b196b6167aa0fedc16b20da') in 0.018275 seconds 
========================================================================
Received Import Request.
  Time since last request: 0.298487 seconds.
  path: Packages/com.unity.collab-proxy/Editor/PlasticSCM/Assets/Images/stepok.png
  artifactKey: Guid(d4780dc1205c7c7478c970d8c61d24e8) Importer(815301076,1909f56bfc062723c751e8b465ee728b)
Start importing Packages/com.unity.collab-proxy/Editor/PlasticSCM/Assets/Images/stepok.png using Guid(d4780dc1205c7c7478c970d8c61d24e8) Importer(815301076,1909f56bfc062723c751e8b465ee728b)  -> (artifact id: '8359fd8cf2b5784210ee8bf1126166d5') in 0.017608 seconds 
========================================================================
Received Import Request.
  Time since last request: 0.000017 seconds.
  path: Assets/Frames/swampy_idle_anim_f0.png
  artifactKey: Guid(5dd1a842b76342644876c4c621445d05) Importer(815301076,1909f56bfc062723c751e8b465ee728b)
Start importing Assets/Frames/swampy_idle_anim_f0.png using Guid(5dd1a842b76342644876c4c621445d05) Importer(815301076,1909f56bfc062723c751e8b465ee728b)  -> (artifact id: '97fb01756f8db7f237071e676149f7fa') in 0.010489 seconds 
========================================================================
Received Import Request.
  Time since last request: 0.163412 seconds.
  path: Assets/Frames/swampy_idle_anim_f3.png
  artifactKey: Guid(afc547f8853a1cb4eb8884cdce764daf) Importer(815301076,1909f56bfc062723c751e8b465ee728b)
Start importing Assets/Frames/swampy_idle_anim_f3.png using Guid(afc547f8853a1cb4eb8884cdce764daf) Importer(815301076,1909f56bfc062723c751e8b465ee728b)  -> (artifact id: '8e0729f9cd966797ef6005ffbd5477ff') in 0.014590 seconds 
========================================================================
Received Import Request.
  Time since last request: 0.084031 seconds.
  path: Assets/Frames/tiny_zombie_idle_anim_f0.png
  artifactKey: Guid(a9a80674f893c6a49bf15175d07190fa) Importer(815301076,1909f56bfc062723c751e8b465ee728b)
Start importing Assets/Frames/tiny_zombie_idle_anim_f0.png using Guid(a9a80674f893c6a49bf15175d07190fa) Importer(815301076,1909f56bfc062723c751e8b465ee728b)  -> (artifact id: '99dcb28785f1ab1fff559450a28e35fe') in 0.015534 seconds 
========================================================================
Received Import Request.
  Time since last request: 0.107894 seconds.
  path: Assets/Frames/tiny_zombie_run_anim_f1.png
  artifactKey: Guid(f932fc701d0b597489d2ec22b07eac1b) Importer(815301076,1909f56bfc062723c751e8b465ee728b)
Start importing Assets/Frames/tiny_zombie_run_anim_f1.png using Guid(f932fc701d0b597489d2ec22b07eac1b) Importer(815301076,1909f56bfc062723c751e8b465ee728b)  -> (artifact id: 'f04a640fdf75611d0a7b0c9b874275b5') in 0.014200 seconds 
========================================================================
Received Import Request.
  Time since last request: 0.137122 seconds.
  path: Assets/_Udemy Roguelike/Art/UI/UI_HealthBar_Outer.png
  artifactKey: Guid(1f2e190717c1b2246bee93170d6b3898) Importer(815301076,1909f56bfc062723c751e8b465ee728b)
Start importing Assets/_Udemy Roguelike/Art/UI/UI_HealthBar_Outer.png using Guid(1f2e190717c1b2246bee93170d6b3898) Importer(815301076,1909f56bfc062723c751e8b465ee728b)  -> (artifact id: '74d31b60fa7bc49a2e3b3b351826881e') in 0.016324 seconds 
========================================================================
Received Import Request.
  Time since last request: 0.084612 seconds.
  path: Assets/Frames/wall_banner_green.png
  artifactKey: Guid(6c203fb73ad316e42891a8f4fcd64fe8) Importer(815301076,1909f56bfc062723c751e8b465ee728b)
Start importing Assets/Frames/wall_banner_green.png using Guid(6c203fb73ad316e42891a8f4fcd64fe8) Importer(815301076,1909f56bfc062723c751e8b465ee728b)  -> (artifact id: 'e58685959392d638a46aedcaa5718a03') in 0.014170 seconds 
========================================================================
Received Import Request.
  Time since last request: 0.000030 seconds.
  path: Assets/Frames/wall_banner_red.png
  artifactKey: Guid(bcddda30e784880448249fec8349a775) Importer(815301076,1909f56bfc062723c751e8b465ee728b)
Start importing Assets/Frames/wall_banner_red.png using Guid(bcddda30e784880448249fec8349a775) Importer(815301076,1909f56bfc062723c751e8b465ee728b)  -> (artifact id: '4064520eb52b3bc45a6e77e16d1d1c1b') in 0.011700 seconds 
========================================================================
Received Import Request.
  Time since last request: 0.406348 seconds.
  path: Assets/Frames/wall_corner_bottom_left.png
  artifactKey: Guid(7de278f2c050c894596778aca5b9db5e) Importer(815301076,1909f56bfc062723c751e8b465ee728b)
Start importing Assets/Frames/wall_corner_bottom_left.png using Guid(7de278f2c050c894596778aca5b9db5e) Importer(815301076,1909f56bfc062723c751e8b465ee728b)  -> (artifact id: 'e1c23c319c6ffb18fb9ac49a4ddc5863') in 0.012943 seconds 
========================================================================
Received Import Request.
  Time since last request: 0.000022 seconds.
  path: Assets/Frames/wall_corner_front_left.png
  artifactKey: Guid(c42b384b2972fd84684fcf56c749d919) Importer(815301076,1909f56bfc062723c751e8b465ee728b)
Start importing Assets/Frames/wall_corner_front_left.png using Guid(c42b384b2972fd84684fcf56c749d919) Importer(815301076,1909f56bfc062723c751e8b465ee728b)  -> (artifact id: 'fd48aa75de5c3847c02138ff8da76b3b') in 0.011603 seconds 
========================================================================
Received Import Request.
  Time since last request: 0.723134 seconds.
  path: Assets/Frames/wall_corner_right.png
  artifactKey: Guid(be5036711c4869f48b98335609d0f105) Importer(815301076,1909f56bfc062723c751e8b465ee728b)
Start importing Assets/Frames/wall_corner_right.png using Guid(be5036711c4869f48b98335609d0f105) Importer(815301076,1909f56bfc062723c751e8b465ee728b)  -> (artifact id: '9e7049f3f0ed984f1993f8eaef83655e') in 0.020484 seconds 
========================================================================
Received Import Request.
  Time since last request: 0.000018 seconds.
  path: Assets/Frames/wall_corner_top_left.png
  artifactKey: Guid(4973e1704531c3249bc218e6fb8b38e8) Importer(815301076,1909f56bfc062723c751e8b465ee728b)
Start importing Assets/Frames/wall_corner_top_left.png using Guid(4973e1704531c3249bc218e6fb8b38e8) Importer(815301076,1909f56bfc062723c751e8b465ee728b)  -> (artifact id: '8fdb4fd6b4322bbe554b089e3774e055') in 0.011520 seconds 
========================================================================
Received Import Request.
  Time since last request: 0.339826 seconds.
  path: Assets/Frames/wall_fountain_basin_blue_anim_f1.png
  artifactKey: Guid(47ef7db7b77b65a45801ce2173c6354c) Importer(815301076,1909f56bfc062723c751e8b465ee728b)
Start importing Assets/Frames/wall_fountain_basin_blue_anim_f1.png using Guid(47ef7db7b77b65a45801ce2173c6354c) Importer(815301076,1909f56bfc062723c751e8b465ee728b)  -> (artifact id: 'b2ddcb35d55534f4d47e8ef30ed76749') in 0.013168 seconds 
========================================================================
Received Import Request.
  Time since last request: 0.000033 seconds.
  path: Assets/Frames/wall_fountain_basin_red_anim_f0.png
  artifactKey: Guid(07e6bef2878f7874d9000423f51e69b4) Importer(815301076,1909f56bfc062723c751e8b465ee728b)
Start importing Assets/Frames/wall_fountain_basin_red_anim_f0.png using Guid(07e6bef2878f7874d9000423f51e69b4) Importer(815301076,1909f56bfc062723c751e8b465ee728b)  -> (artifact id: '792cf2cf025b51e2ae15d02ba7d54625') in 0.014012 seconds 
========================================================================
Received Import Request.
  Time since last request: 0.903819 seconds.
  path: Assets/Frames/wall_fountain_mid_blue_anim_f0.png
  artifactKey: Guid(225c5db3344a30644a2f583c1f4796d7) Importer(815301076,1909f56bfc062723c751e8b465ee728b)
Start importing Assets/Frames/wall_fountain_mid_blue_anim_f0.png using Guid(225c5db3344a30644a2f583c1f4796d7) Importer(815301076,1909f56bfc062723c751e8b465ee728b)  -> (artifact id: '815244bf8fb71c66d0cfd0433f09d1cb') in 0.020939 seconds 
========================================================================
Received Import Request.
  Time since last request: 0.417586 seconds.
  path: Assets/Frames/wall_fountain_mid_red_anim_f2.png
  artifactKey: Guid(91f6ebf23a6335e4bbf80d6c943ef0da) Importer(815301076,1909f56bfc062723c751e8b465ee728b)
Start importing Assets/Frames/wall_fountain_mid_red_anim_f2.png using Guid(91f6ebf23a6335e4bbf80d6c943ef0da) Importer(815301076,1909f56bfc062723c751e8b465ee728b)  -> (artifact id: '508981b7ceeeb8ab3710364d6b94a4f6') in 0.013731 seconds 
========================================================================
Received Import Request.
  Time since last request: 0.000023 seconds.
  path: Assets/Frames/wall_goo.png
  artifactKey: Guid(11a05f732c5545c409a392d261c1d98c) Importer(815301076,1909f56bfc062723c751e8b465ee728b)
Start importing Assets/Frames/wall_goo.png using Guid(11a05f732c5545c409a392d261c1d98c) Importer(815301076,1909f56bfc062723c751e8b465ee728b)  -> (artifact id: '0e0328766c03d7224cd0bf4af58d834f') in 0.011478 seconds 
========================================================================
Received Import Request.
  Time since last request: 0.016143 seconds.
  path: Assets/Frames/wall_hole_2.png
  artifactKey: Guid(1f29f9fe7491be841a73d7e60adaf57b) Importer(815301076,1909f56bfc062723c751e8b465ee728b)
Start importing Assets/Frames/wall_hole_2.png using Guid(1f29f9fe7491be841a73d7e60adaf57b) Importer(815301076,1909f56bfc062723c751e8b465ee728b)  -> (artifact id: 'd66a98da493ab6679580e6a0b9d2da7c') in 0.012344 seconds 
========================================================================
Received Import Request.
  Time since last request: 0.001568 seconds.
  path: Assets/Frames/wall_inner_corner_mid_left.png
  artifactKey: Guid(f59477d61b5679044bfa29c0c2864bb5) Importer(815301076,1909f56bfc062723c751e8b465ee728b)
Start importing Assets/Frames/wall_inner_corner_mid_left.png using Guid(f59477d61b5679044bfa29c0c2864bb5) Importer(815301076,1909f56bfc062723c751e8b465ee728b)  -> (artifact id: '21133d3e584705aef7192b944886d1b9') in 0.018820 seconds 
========================================================================
Received Import Request.
  Time since last request: 0.000018 seconds.
  path: Assets/Frames/wall_mid.png
  artifactKey: Guid(513e207ecbfb65249bcfa97aaf4e11b8) Importer(815301076,1909f56bfc062723c751e8b465ee728b)
Start importing Assets/Frames/wall_mid.png using Guid(513e207ecbfb65249bcfa97aaf4e11b8) Importer(815301076,1909f56bfc062723c751e8b465ee728b)  -> (artifact id: '829651969dce4b74cb9221bbbd182752') in 0.012634 seconds 
========================================================================
Received Import Request.
  Time since last request: 0.000020 seconds.
  path: Assets/Frames/wall_side_mid_left.png
  artifactKey: Guid(fdf052e6167593c46ace36934af60aee) Importer(815301076,1909f56bfc062723c751e8b465ee728b)
Start importing Assets/Frames/wall_side_mid_left.png using Guid(fdf052e6167593c46ace36934af60aee) Importer(815301076,1909f56bfc062723c751e8b465ee728b)  -> (artifact id: '4f6c311aa811616ae533e90601577ccc') in 0.013425 seconds 
========================================================================
Received Import Request.
  Time since last request: 0.000026 seconds.
  path: Assets/Frames/wall_inner_corner_t_top_left.png
  artifactKey: Guid(a77fd53f2c04511448114cf94398c96f) Importer(815301076,1909f56bfc062723c751e8b465ee728b)
Start importing Assets/Frames/wall_inner_corner_t_top_left.png using Guid(a77fd53f2c04511448114cf94398c96f) Importer(815301076,1909f56bfc062723c751e8b465ee728b)  -> (artifact id: '52ddee64400be0c30f18e4d872849f4a') in 0.011871 seconds 
========================================================================
Received Import Request.
  Time since last request: 0.408563 seconds.
  path: Assets/Frames/wall_side_top_right.png
  artifactKey: Guid(0f363453e1f990244a5825e3ead705a7) Importer(815301076,1909f56bfc062723c751e8b465ee728b)
Start importing Assets/Frames/wall_side_top_right.png using Guid(0f363453e1f990244a5825e3ead705a7) Importer(815301076,1909f56bfc062723c751e8b465ee728b)  -> (artifact id: '78aeba0d4018dc1d411ba2d56ceaf48c') in 0.013831 seconds 
========================================================================
Received Import Request.
  Time since last request: 0.000025 seconds.
  path: Assets/Frames/wall_top_left.png
  artifactKey: Guid(7bb3adcdd241b9c4f8338d5330ae8a72) Importer(815301076,1909f56bfc062723c751e8b465ee728b)
Start importing Assets/Frames/wall_top_left.png using Guid(7bb3adcdd241b9c4f8338d5330ae8a72) Importer(815301076,1909f56bfc062723c751e8b465ee728b)  -> (artifact id: 'fb15ad8b849d938336cfb8ef2f7cb9d4') in 0.016556 seconds 
========================================================================
Received Import Request.
  Time since last request: 0.000060 seconds.
  path: Assets/Frames/weapon_arrow.png
  artifactKey: Guid(14a30ccc02254724ebe7dd556d53df0a) Importer(815301076,1909f56bfc062723c751e8b465ee728b)
Start importing Assets/Frames/weapon_arrow.png using Guid(14a30ccc02254724ebe7dd556d53df0a) Importer(815301076,1909f56bfc062723c751e8b465ee728b)  -> (artifact id: 'bbfc77983ee8901e64af1e15cd22c910') in 0.014066 seconds 
========================================================================
Received Import Request.
  Time since last request: 0.000027 seconds.
  path: Assets/Frames/weapon_anime_sword.png
  artifactKey: Guid(f7baccf84a04ea14380231fdc3cd4bf3) Importer(815301076,1909f56bfc062723c751e8b465ee728b)
Start importing Assets/Frames/weapon_anime_sword.png using Guid(f7baccf84a04ea14380231fdc3cd4bf3) Importer(815301076,1909f56bfc062723c751e8b465ee728b)  -> (artifact id: '60b7384534d20b46f01637056b0a3192') in 0.014492 seconds 
========================================================================
Received Import Request.
  Time since last request: 0.000024 seconds.
  path: Assets/Frames/weapon_golden_sword.png
  artifactKey: Guid(61b63ab36725384479d61bd5c8abb570) Importer(815301076,1909f56bfc062723c751e8b465ee728b)
Start importing Assets/Frames/weapon_golden_sword.png using Guid(61b63ab36725384479d61bd5c8abb570) Importer(815301076,1909f56bfc062723c751e8b465ee728b)  -> (artifact id: 'b97c93801f1c63cd8c1a4387b76cff9d') in 0.015677 seconds 
========================================================================
Received Import Request.
  Time since last request: 0.000033 seconds.
  path: Assets/Frames/weapon_katana.png
  artifactKey: Guid(3110104b2eb8a7545a13dd07d1b1a6ca) Importer(815301076,1909f56bfc062723c751e8b465ee728b)
Start importing Assets/Frames/weapon_katana.png using Guid(3110104b2eb8a7545a13dd07d1b1a6ca) Importer(815301076,1909f56bfc062723c751e8b465ee728b)  -> (artifact id: 'e9e267edd2a3b8efcb7c64063a85aa2a') in 0.013514 seconds 
========================================================================
Received Import Request.
  Time since last request: 0.000033 seconds.
  path: Assets/Frames/weapon_hammer.png
  artifactKey: Guid(2431672a3273f9a41826f1c82b15da55) Importer(815301076,1909f56bfc062723c751e8b465ee728b)
Start importing Assets/Frames/weapon_hammer.png using Guid(2431672a3273f9a41826f1c82b15da55) Importer(815301076,1909f56bfc062723c751e8b465ee728b)  -> (artifact id: '5f7451b358283fa776c8f40cdeb55a58') in 0.015168 seconds 
========================================================================
Received Import Request.
  Time since last request: 0.006110 seconds.
  path: Assets/Frames/weapon_machete.png
  artifactKey: Guid(cfeb8a533d4e4554baf720bec11e9851) Importer(815301076,1909f56bfc062723c751e8b465ee728b)
Start importing Assets/Frames/weapon_machete.png using Guid(cfeb8a533d4e4554baf720bec11e9851) Importer(815301076,1909f56bfc062723c751e8b465ee728b)  -> (artifact id: '63a929803720fdbb1de6e1d5bf77d8e4') in 0.012449 seconds 
========================================================================
Received Import Request.
  Time since last request: 0.000025 seconds.
  path: Assets/Frames/weapon_red_magic_staff.png
  artifactKey: Guid(e248d5f3940cd95449be7cf27536d278) Importer(815301076,1909f56bfc062723c751e8b465ee728b)
Start importing Assets/Frames/weapon_red_magic_staff.png using Guid(e248d5f3940cd95449be7cf27536d278) Importer(815301076,1909f56bfc062723c751e8b465ee728b)  -> (artifact id: '588a01a47d3eae9e2923f96e2554dbbb') in 0.011656 seconds 
========================================================================
Received Import Request.
  Time since last request: 0.079005 seconds.
  path: Assets/Frames/weapon_saw_sword.png
  artifactKey: Guid(0612e05fb5c20884c8866293fd6b55fe) Importer(815301076,1909f56bfc062723c751e8b465ee728b)
Start importing Assets/Frames/weapon_saw_sword.png using Guid(0612e05fb5c20884c8866293fd6b55fe) Importer(815301076,1909f56bfc062723c751e8b465ee728b)  -> (artifact id: '004bf4ad8ed7873a32e5691ee01bc4ed') in 0.016150 seconds 
========================================================================
Received Import Request.
  Time since last request: 0.083003 seconds.
  path: Assets/Frames/wizzard_f_idle_anim_f2.png
  artifactKey: Guid(de8c46d5a7c9d2c47b79d32d4ae1e6b3) Importer(815301076,1909f56bfc062723c751e8b465ee728b)
Start importing Assets/Frames/wizzard_f_idle_anim_f2.png using Guid(de8c46d5a7c9d2c47b79d32d4ae1e6b3) Importer(815301076,1909f56bfc062723c751e8b465ee728b)  -> (artifact id: '72ec7afd2eea3477af6bf050e32b2fd4') in 0.016300 seconds 
========================================================================
Received Import Request.
  Time since last request: 0.128998 seconds.
  path: Assets/Frames/wizzard_f_run_anim_f3.png
  artifactKey: Guid(70f76599995142f46b65dc600c92016e) Importer(815301076,1909f56bfc062723c751e8b465ee728b)
Start importing Assets/Frames/wizzard_f_run_anim_f3.png using Guid(70f76599995142f46b65dc600c92016e) Importer(815301076,1909f56bfc062723c751e8b465ee728b)  -> (artifact id: 'bbaa9c8e9999d25a924901d541a68cad') in 0.012525 seconds 
========================================================================
Received Import Request.
  Time since last request: 0.537758 seconds.
  path: Assets/Frames/wizzard_m_idle_anim_f3.png
  artifactKey: Guid(0a25fbb828face8408989591713450f8) Importer(815301076,1909f56bfc062723c751e8b465ee728b)
Start importing Assets/Frames/wizzard_m_idle_anim_f3.png using Guid(0a25fbb828face8408989591713450f8) Importer(815301076,1909f56bfc062723c751e8b465ee728b)  -> (artifact id: '288462546166ea1131a6d524dddc82d8') in 0.014245 seconds 
========================================================================
Received Import Request.
  Time since last request: 0.040227 seconds.
  path: Assets/Frames/wogol_idle_anim_f0.png
  artifactKey: Guid(e197b5b43693fcc4697d469a069b808f) Importer(815301076,1909f56bfc062723c751e8b465ee728b)
Start importing Assets/Frames/wogol_idle_anim_f0.png using Guid(e197b5b43693fcc4697d469a069b808f) Importer(815301076,1909f56bfc062723c751e8b465ee728b)  -> (artifact id: '7bce953792ba425600d33e551fb99d0b') in 0.015044 seconds 
========================================================================
Received Import Request.
  Time since last request: 0.497733 seconds.
  path: Assets/Frames/wogol_run_anim_f1.png
  artifactKey: Guid(a9b34754aa9d1a640aba6c26bf881ad6) Importer(815301076,1909f56bfc062723c751e8b465ee728b)
Start importing Assets/Frames/wogol_run_anim_f1.png using Guid(a9b34754aa9d1a640aba6c26bf881ad6) Importer(815301076,1909f56bfc062723c751e8b465ee728b)  -> (artifact id: 'a2dbc83b3aa5675bef3121a640ad98aa') in 0.020731 seconds 
========================================================================
Received Import Request.
  Time since last request: 0.309639 seconds.
  path: Assets/Frames/zombie_idle_anim_f1.png
  artifactKey: Guid(e7df3d5bb3a4a1d44a3667190fcd4ea9) Importer(815301076,1909f56bfc062723c751e8b465ee728b)
Start importing Assets/Frames/zombie_idle_anim_f1.png using Guid(e7df3d5bb3a4a1d44a3667190fcd4ea9) Importer(815301076,1909f56bfc062723c751e8b465ee728b)  -> (artifact id: '1277ea079edddd2481074901d814dd49') in 0.011602 seconds 
========================================================================
Received Import Request.
  Time since last request: 0.000035 seconds.
  path: Assets/Frames/zombie_idle_anim_f2.png
  artifactKey: Guid(4690babd46458d34abd69c36bed95401) Importer(815301076,1909f56bfc062723c751e8b465ee728b)
Start importing Assets/Frames/zombie_idle_anim_f2.png using Guid(4690babd46458d34abd69c36bed95401) Importer(815301076,1909f56bfc062723c751e8b465ee728b)  -> (artifact id: '88096c609488e938b94338316121905e') in 0.014101 seconds 
========================================================================
Received Import Request.
  Time since last request: 0.275917 seconds.
  path: Assets/Frames/zombie_run_anim_f2.png
  artifactKey: Guid(ee136ad2d6327d9479fb81bd2e68f226) Importer(815301076,1909f56bfc062723c751e8b465ee728b)
Start importing Assets/Frames/zombie_run_anim_f2.png using Guid(ee136ad2d6327d9479fb81bd2e68f226) Importer(815301076,1909f56bfc062723c751e8b465ee728b)  -> (artifact id: 'de7943472460f407b5dd9b02f19bb211') in 0.012951 seconds 
========================================================================
Received Prepare
Registering precompiled user dll's ...
Registered in 0.002241 seconds.
Begin MonoManager ReloadAssembly
Native extension for WindowsStandalone target not found
Refreshing native plugins compatible for Editor in 0.67 ms, found 2 plugins.
Preloading 0 native plugins for Editor in 0.00 ms.
Mono: successfully reloaded assembly
- Completed reload, in  0.915 seconds
Domain Reload Profiling:
	ReloadAssembly (916ms)
		BeginReloadAssembly (110ms)
			ExecutionOrderSort (0ms)
			DisableScriptedObjects (6ms)
			BackupInstance (0ms)
			ReleaseScriptingObjects (0ms)
			CreateAndSetChildDomain (30ms)
		EndReloadAssembly (722ms)
			LoadAssemblies (63ms)
			RebuildTransferFunctionScriptingTraits (0ms)
			SetupTypeCache (183ms)
			ReleaseScriptCaches (1ms)
			RebuildScriptCaches (66ms)
			SetupLoadedEditorAssemblies (359ms)
				LogAssemblyErrors (0ms)
				InitializePlatformSupportModulesInManaged (15ms)
				SetLoadedEditorAssemblies (1ms)
				RefreshPlugins (1ms)
				BeforeProcessingInitializeOnLoad (62ms)
				ProcessInitializeOnLoadAttributes (231ms)
				ProcessInitializeOnLoadMethodAttributes (46ms)
				AfterProcessingInitializeOnLoad (4ms)
				EditorAssembliesLoaded (0ms)
			ExecutionOrderSort2 (0ms)
			AwakeInstancesAfterBackupRestoration (12ms)
Platform modules already initialized, skipping
Refreshing native plugins compatible for Editor in 1.26 ms, found 2 plugins.
Preloading 0 native plugins for Editor in 0.00 ms.
Unloading 1765 Unused Serialized files (Serialized files now loaded: 0)
Unloading 12 unused Assets / (31.8 KB). Loaded Objects now: 2281.
Memory consumption went from 79.2 MB to 79.2 MB.
Total: 2.867000 ms (FindLiveObjects: 0.260100 ms CreateObjectMapping: 0.088400 ms MarkObjects: 2.492500 ms  DeleteObjects: 0.025100 ms)

AssetImportParameters requested are different than current active one (requested -> active):
  custom:video-decoder-ogg-theora: a1e56fd34408186e4bbccfd4996cb3dc -> 
  custom:container-muxer-webm: aa71ff27fc2769a1b78a27578f13a17b -> 
  custom:container-demuxer-webm: 4f35f7cbe854078d1ac9338744f61a02 -> 
  custom:video-encoder-webm-vp8: eb34c28f22e8b96e1ab97ce403110664 -> 
  custom:audio-encoder-webm-vorbis: bf7c407c2cedff20999df2af8eb42d56 -> 
  custom:framework-win-MediaFoundation: 216162199b28c13a410421893ffa2e32 -> 
  custom:container-demuxer-ogg: 62fdf1f143b41e24485cea50d1cbac27 -> 
  custom:video-decoder-webm-vp8: 9c59270c3fd7afecdb556c50c9e8de78 -> 
  custom:audio-decoder-ogg-vorbis: bf7c407c2cedff20999df2af8eb42d56 -> 
Editor requested this worker to shutdown with reason: Scaling down because of idle timeout
AssetImportWorker is now disconnected from the server
Process exiting
Exiting without the bug reporter. Application will terminate with return code 0