Using pre-set license
Built from '2021.3/staging' branch; Version is '2021.3.13f1 (9e7d58001ecf) revision 10386776'; Using compiler version '192829333'; Build Type 'Release'
OS: 'Windows 10  (10.0.19044) 64bit CoreSingleLanguage' Language: 'en' Physical Memory: 16231 MB
BatchMode: 1, IsHumanControllingUs: 0, StartBugReporterOnCrash: 0, Is64bit: 1, IsPro: 1

COMMAND LINE ARGUMENTS:
D:\Unity Hub\2021.3.13f1\Editor\Unity.exe
-adb2
-batchMode
-noUpm
-name
AssetImportWorker5
-projectPath
D:/GitHub for Desktop projects/ComputerGraphicsProject
-logFile
Logs/AssetImportWorker5.log
-srvPort
55753
Successfully changed project path to: D:/GitHub for Desktop projects/ComputerGraphicsProject
D:/GitHub for Desktop projects/ComputerGraphicsProject
[UnityMemory] Configuration Parameters - Can be set up in boot.config
    "memorysetup-bucket-allocator-granularity=16"
    "memorysetup-bucket-allocator-bucket-count=8"
    "memorysetup-bucket-allocator-block-size=33554432"
    "memorysetup-bucket-allocator-block-count=8"
    "memorysetup-main-allocator-block-size=16777216"
    "memorysetup-thread-allocator-block-size=16777216"
    "memorysetup-gfx-main-allocator-block-size=16777216"
    "memorysetup-gfx-thread-allocator-block-size=16777216"
    "memorysetup-cache-allocator-block-size=4194304"
    "memorysetup-typetree-allocator-block-size=2097152"
    "memorysetup-profiler-bucket-allocator-granularity=16"
    "memorysetup-profiler-bucket-allocator-bucket-count=8"
    "memorysetup-profiler-bucket-allocator-block-size=33554432"
    "memorysetup-profiler-bucket-allocator-block-count=8"
    "memorysetup-profiler-allocator-block-size=16777216"
    "memorysetup-profiler-editor-allocator-block-size=1048576"
    "memorysetup-temp-allocator-size-main=16777216"
    "memorysetup-job-temp-allocator-block-size=2097152"
    "memorysetup-job-temp-allocator-block-size-background=1048576"
    "memorysetup-job-temp-allocator-reduction-small-platforms=262144"
    "memorysetup-temp-allocator-size-background-worker=32768"
    "memorysetup-temp-allocator-size-job-worker=262144"
    "memorysetup-temp-allocator-size-preload-manager=33554432"
    "memorysetup-temp-allocator-size-nav-mesh-worker=65536"
    "memorysetup-temp-allocator-size-audio-worker=65536"
    "memorysetup-temp-allocator-size-cloud-worker=32768"
    "memorysetup-temp-allocator-size-gi-baking-worker=262144"
    "memorysetup-temp-allocator-size-gfx=262144"
Refreshing native plugins compatible for Editor in 32.66 ms, found 2 plugins.
Preloading 0 native plugins for Editor in 0.00 ms.
Initialize engine version: 2021.3.13f1 (9e7d58001ecf)
[Subsystems] Discovering subsystems at path D:/Unity Hub/2021.3.13f1/Editor/Data/Resources/UnitySubsystems
[Subsystems] Discovering subsystems at path D:/GitHub for Desktop projects/ComputerGraphicsProject/Assets
GfxDevice: creating device client; threaded=0; jobified=0
Direct3D:
    Version:  Direct3D 11.0 [level 11.1]
    Renderer: NVIDIA GeForce GTX 1660 Ti (ID=0x2191)
    Vendor:   NVIDIA
    VRAM:     5991 MB
    Driver:   26.21.14.4166
Initialize mono
Mono path[0] = 'D:/Unity Hub/2021.3.13f1/Editor/Data/Managed'
Mono path[1] = 'D:/Unity Hub/2021.3.13f1/Editor/Data/MonoBleedingEdge/lib/mono/unityjit-win32'
Mono config path = 'D:/Unity Hub/2021.3.13f1/Editor/Data/MonoBleedingEdge/etc'
Using monoOptions --debugger-agent=transport=dt_socket,embedding=1,server=y,suspend=n,address=127.0.0.1:56780
Begin MonoManager ReloadAssembly
Registering precompiled unity dll's ...
Register platform support module: D:/Unity Hub/2021.3.13f1/Editor/Data/PlaybackEngines/WindowsStandaloneSupport/UnityEditor.WindowsStandalone.Extensions.dll
Registered in 0.002531 seconds.
Native extension for WindowsStandalone target not found
Refreshing native plugins compatible for Editor in 29.74 ms, found 2 plugins.
Preloading 0 native plugins for Editor in 0.00 ms.
Mono: successfully reloaded assembly
- Completed reload, in  0.509 seconds
Domain Reload Profiling:
	ReloadAssembly (509ms)
		BeginReloadAssembly (61ms)
			ExecutionOrderSort (0ms)
			DisableScriptedObjects (0ms)
			BackupInstance (0ms)
			ReleaseScriptingObjects (0ms)
			CreateAndSetChildDomain (1ms)
		EndReloadAssembly (354ms)
			LoadAssemblies (60ms)
			RebuildTransferFunctionScriptingTraits (0ms)
			SetupTypeCache (96ms)
			ReleaseScriptCaches (0ms)
			RebuildScriptCaches (25ms)
			SetupLoadedEditorAssemblies (189ms)
				LogAssemblyErrors (0ms)
				InitializePlatformSupportModulesInManaged (6ms)
				SetLoadedEditorAssemblies (0ms)
				RefreshPlugins (30ms)
				BeforeProcessingInitializeOnLoad (1ms)
				ProcessInitializeOnLoadAttributes (109ms)
				ProcessInitializeOnLoadMethodAttributes (43ms)
				AfterProcessingInitializeOnLoad (0ms)
				EditorAssembliesLoaded (0ms)
			ExecutionOrderSort2 (0ms)
			AwakeInstancesAfterBackupRestoration (0ms)
Platform modules already initialized, skipping
Registering precompiled user dll's ...
Registered in 0.002527 seconds.
Begin MonoManager ReloadAssembly
Native extension for WindowsStandalone target not found
Refreshing native plugins compatible for Editor in 0.37 ms, found 2 plugins.
Preloading 0 native plugins for Editor in 0.00 ms.
Mono: successfully reloaded assembly
- Completed reload, in  0.811 seconds
Domain Reload Profiling:
	ReloadAssembly (812ms)
		BeginReloadAssembly (100ms)
			ExecutionOrderSort (0ms)
			DisableScriptedObjects (5ms)
			BackupInstance (0ms)
			ReleaseScriptingObjects (0ms)
			CreateAndSetChildDomain (17ms)
		EndReloadAssembly (615ms)
			LoadAssemblies (65ms)
			RebuildTransferFunctionScriptingTraits (0ms)
			SetupTypeCache (199ms)
			ReleaseScriptCaches (0ms)
			RebuildScriptCaches (49ms)
			SetupLoadedEditorAssemblies (269ms)
				LogAssemblyErrors (0ms)
				InitializePlatformSupportModulesInManaged (4ms)
				SetLoadedEditorAssemblies (0ms)
				RefreshPlugins (0ms)
				BeforeProcessingInitializeOnLoad (45ms)
				ProcessInitializeOnLoadAttributes (180ms)
				ProcessInitializeOnLoadMethodAttributes (37ms)
				AfterProcessingInitializeOnLoad (3ms)
				EditorAssembliesLoaded (0ms)
			ExecutionOrderSort2 (0ms)
			AwakeInstancesAfterBackupRestoration (8ms)
Platform modules already initialized, skipping
========================================================================
Worker process is ready to serve import requests
Launched and connected shader compiler UnityShaderCompiler.exe after 0.04 seconds
Refreshing native plugins compatible for Editor in 0.44 ms, found 2 plugins.
Preloading 0 native plugins for Editor in 0.00 ms.
Unloading 1770 Unused Serialized files (Serialized files now loaded: 0)
Unloading 23 unused Assets / (56.3 KB). Loaded Objects now: 2241.
Memory consumption went from 75.3 MB to 75.3 MB.
Total: 2.777100 ms (FindLiveObjects: 0.150200 ms CreateObjectMapping: 0.081500 ms MarkObjects: 2.482900 ms  DeleteObjects: 0.061800 ms)

AssetImportParameters requested are different than current active one (requested -> active):
  custom:video-decoder-ogg-theora: a1e56fd34408186e4bbccfd4996cb3dc -> 
  custom:container-muxer-webm: aa71ff27fc2769a1b78a27578f13a17b -> 
  custom:container-demuxer-webm: 4f35f7cbe854078d1ac9338744f61a02 -> 
  custom:video-encoder-webm-vp8: eb34c28f22e8b96e1ab97ce403110664 -> 
  custom:audio-encoder-webm-vorbis: bf7c407c2cedff20999df2af8eb42d56 -> 
  custom:framework-win-MediaFoundation: 216162199b28c13a410421893ffa2e32 -> 
  custom:container-demuxer-ogg: 62fdf1f143b41e24485cea50d1cbac27 -> 
  custom:video-decoder-webm-vp8: 9c59270c3fd7afecdb556c50c9e8de78 -> 
  custom:audio-decoder-ogg-vorbis: bf7c407c2cedff20999df2af8eb42d56 -> 
========================================================================
Received Import Request.
  Time since last request: 703834.871928 seconds.
  path: Assets/Prefabs/Rooms/Centers/Room Center - Shop.prefab
  artifactKey: Guid(933d5f84a560af44f8999561022710bf) Importer(815301076,1909f56bfc062723c751e8b465ee728b)
Start importing Assets/Prefabs/Rooms/Centers/Room Center - Shop.prefab using Guid(933d5f84a560af44f8999561022710bf) Importer(815301076,1909f56bfc062723c751e8b465ee728b)  -> (artifact id: '9dc77435ad9f8157830390f628534f6e') in 0.166259 seconds 
========================================================================
Received Import Request.
  Time since last request: 1.845038 seconds.
  path: Assets/Prefabs/Rooms/Centers/Rooms Done Off Screen/Room Center (2).prefab
  artifactKey: Guid(baa0422f71ecc074889cb56dbf11f0aa) Importer(815301076,1909f56bfc062723c751e8b465ee728b)
Start importing Assets/Prefabs/Rooms/Centers/Rooms Done Off Screen/Room Center (2).prefab using Guid(baa0422f71ecc074889cb56dbf11f0aa) Importer(815301076,1909f56bfc062723c751e8b465ee728b)  -> (artifact id: 'd16d9dd0f36949077b98aad673a7a578') in 0.024452 seconds 
========================================================================
Received Import Request.
  Time since last request: 0.000020 seconds.
  path: Assets/Prefabs/Rooms/Centers/Rooms Done Off Screen/Room Center (18).prefab
  artifactKey: Guid(854b49ddd6810b248ae3147c88d1638c) Importer(815301076,1909f56bfc062723c751e8b465ee728b)
Start importing Assets/Prefabs/Rooms/Centers/Rooms Done Off Screen/Room Center (18).prefab using Guid(854b49ddd6810b248ae3147c88d1638c) Importer(815301076,1909f56bfc062723c751e8b465ee728b)  -> (artifact id: '4dc8a2ec36602327934de441265fc33d') in 0.026309 seconds 
========================================================================
Received Import Request.
  Time since last request: 0.000042 seconds.
  path: Assets/Prefabs/Rooms/Centers/Rooms Done Off Screen/Room Center (26).prefab
  artifactKey: Guid(d5dedc545a57a23428c5c4aa71d4b572) Importer(815301076,1909f56bfc062723c751e8b465ee728b)
Start importing Assets/Prefabs/Rooms/Centers/Rooms Done Off Screen/Room Center (26).prefab using Guid(d5dedc545a57a23428c5c4aa71d4b572) Importer(815301076,1909f56bfc062723c751e8b465ee728b)  -> (artifact id: 'e5a1609ff7c45a6a50babcae0f6a7c54') in 0.025255 seconds 
========================================================================
Received Import Request.
  Time since last request: 0.000018 seconds.
  path: Assets/Prefabs/Rooms/Centers/Rooms Done Off Screen/Room Center (8).prefab
  artifactKey: Guid(fea629eab0e146d40b0e949fd7749e62) Importer(815301076,1909f56bfc062723c751e8b465ee728b)
Start importing Assets/Prefabs/Rooms/Centers/Rooms Done Off Screen/Room Center (8).prefab using Guid(fea629eab0e146d40b0e949fd7749e62) Importer(815301076,1909f56bfc062723c751e8b465ee728b)  -> (artifact id: 'a766c9b51610a993ff89c12b51bf4a46') in 0.023349 seconds 
========================================================================
Received Import Request.
  Time since last request: 0.000019 seconds.
  path: Assets/Prefabs/Rooms/Centers/Rooms Done Off Screen/Room Center (16).prefab
  artifactKey: Guid(a90e8e95c95e7f642b2c6a88d5fbae90) Importer(815301076,1909f56bfc062723c751e8b465ee728b)
Start importing Assets/Prefabs/Rooms/Centers/Rooms Done Off Screen/Room Center (16).prefab using Guid(a90e8e95c95e7f642b2c6a88d5fbae90) Importer(815301076,1909f56bfc062723c751e8b465ee728b)  -> (artifact id: '4e671366e343a339efc6e20aa71860ec') in 0.023749 seconds 
========================================================================
Received Import Request.
  Time since last request: 0.000021 seconds.
  path: Assets/Prefabs/Rooms/Centers/Rooms Done Off Screen/Room Center (25).prefab
  artifactKey: Guid(7c5f88dc8b302f849906dc50e893f633) Importer(815301076,1909f56bfc062723c751e8b465ee728b)
Start importing Assets/Prefabs/Rooms/Centers/Rooms Done Off Screen/Room Center (25).prefab using Guid(7c5f88dc8b302f849906dc50e893f633) Importer(815301076,1909f56bfc062723c751e8b465ee728b)  -> (artifact id: 'a67ab2aec6ef5ae7a551c3b6fd5e37ce') in 0.027710 seconds 
========================================================================
Received Import Request.
  Time since last request: 0.000018 seconds.
  path: Assets/Prefabs/Rooms/Centers/Rooms Done Off Screen/Room Center (3).prefab
  artifactKey: Guid(8e80a5cd24e3af04ca87262a1a05dcb6) Importer(815301076,1909f56bfc062723c751e8b465ee728b)
Start importing Assets/Prefabs/Rooms/Centers/Rooms Done Off Screen/Room Center (3).prefab using Guid(8e80a5cd24e3af04ca87262a1a05dcb6) Importer(815301076,1909f56bfc062723c751e8b465ee728b)  -> (artifact id: '443926010cbf2438180dfb21d814275e') in 0.022474 seconds 
========================================================================
Received Import Request.
  Time since last request: 0.000024 seconds.
  path: Assets/Prefabs/Rooms/Centers/Rooms Done Off Screen/Room Center.prefab
  artifactKey: Guid(9cd5939d0508d7241af0ac902cbca27c) Importer(815301076,1909f56bfc062723c751e8b465ee728b)
Start importing Assets/Prefabs/Rooms/Centers/Rooms Done Off Screen/Room Center.prefab using Guid(9cd5939d0508d7241af0ac902cbca27c) Importer(815301076,1909f56bfc062723c751e8b465ee728b)  -> (artifact id: 'e16f901d831dea9930f4a11bf67576b8') in 0.030840 seconds 
========================================================================
Received Import Request.
  Time since last request: 0.000028 seconds.
  path: Assets/Prefabs/Rooms/Centers/Rooms Done Off Screen/Room Center (21).prefab
  artifactKey: Guid(f89a983930b440e4392a22614b178be4) Importer(815301076,1909f56bfc062723c751e8b465ee728b)
Start importing Assets/Prefabs/Rooms/Centers/Rooms Done Off Screen/Room Center (21).prefab using Guid(f89a983930b440e4392a22614b178be4) Importer(815301076,1909f56bfc062723c751e8b465ee728b)  -> (artifact id: 'ae14b02653eee8f9e91f30df25307162') in 0.029782 seconds 
========================================================================
Received Import Request.
  Time since last request: 0.000022 seconds.
  path: Assets/Prefabs/Rooms/Centers/Rooms Done Off Screen/Room Center (24).prefab
  artifactKey: Guid(69427515546f0db4293c209ee67965ff) Importer(815301076,1909f56bfc062723c751e8b465ee728b)
Start importing Assets/Prefabs/Rooms/Centers/Rooms Done Off Screen/Room Center (24).prefab using Guid(69427515546f0db4293c209ee67965ff) Importer(815301076,1909f56bfc062723c751e8b465ee728b)  -> (artifact id: '078e6b2ca4a6cea6848192a00ee0b8c5') in 0.023626 seconds 
========================================================================
Received Import Request.
  Time since last request: 0.000033 seconds.
  path: Assets/Prefabs/Rooms/Centers/Rooms Done Off Screen/Room Center (22).prefab
  artifactKey: Guid(4ed24ed1340e9064488463e448ad28a0) Importer(815301076,1909f56bfc062723c751e8b465ee728b)
Start importing Assets/Prefabs/Rooms/Centers/Rooms Done Off Screen/Room Center (22).prefab using Guid(4ed24ed1340e9064488463e448ad28a0) Importer(815301076,1909f56bfc062723c751e8b465ee728b)  -> (artifact id: 'd49020ef21afe51ac2c83f49cec815e1') in 0.027521 seconds 
========================================================================
Received Import Request.
  Time since last request: 0.000021 seconds.
  path: Assets/Prefabs/Rooms/Centers/Rooms Done Off Screen/Room Center (10).prefab
  artifactKey: Guid(645fc3fed4c9a3b498d9024c9c48d46b) Importer(815301076,1909f56bfc062723c751e8b465ee728b)
Start importing Assets/Prefabs/Rooms/Centers/Rooms Done Off Screen/Room Center (10).prefab using Guid(645fc3fed4c9a3b498d9024c9c48d46b) Importer(815301076,1909f56bfc062723c751e8b465ee728b)  -> (artifact id: '41731b0a2a97a4da1dde47c261e39351') in 0.025330 seconds 
========================================================================
Received Import Request.
  Time since last request: 0.000017 seconds.
  path: Assets/Prefabs/Rooms/Centers/Rooms Done Off Screen/Room Center (12).prefab
  artifactKey: Guid(34d8f2d00682116489b58b4629fddc96) Importer(815301076,1909f56bfc062723c751e8b465ee728b)
Start importing Assets/Prefabs/Rooms/Centers/Rooms Done Off Screen/Room Center (12).prefab using Guid(34d8f2d00682116489b58b4629fddc96) Importer(815301076,1909f56bfc062723c751e8b465ee728b)  -> (artifact id: '0769468fee8446ebb0ee380841ff7e74') in 0.028729 seconds 
Editor requested this worker to shutdown with reason: Scaling down because of idle timeout
AssetImportWorker is now disconnected from the server
Process exiting
Exiting without the bug reporter. Application will terminate with return code 0